#
# There is insufficient memory for the Java Runtime Environment to continue.
# Native memory allocation (mmap) failed to map 268435456 bytes for G1 virtual space
# Possible reasons:
#   The system is out of physical RAM or swap space
#   The process is running with CompressedOops enabled, and the Java Heap may be blocking the growth of the native heap
# Possible solutions:
#   Reduce memory load on the system
#   Increase physical memory or swap space
#   Check if swap backing store is full
#   Decrease Java heap size (-Xmx/-Xms)
#   Decrease number of Java threads
#   Decrease Java thread stack sizes (-Xss)
#   Set larger code cache with -XX:ReservedCodeCacheSize=
#   JVM is running with Zero Based Compressed Oops mode in which the Java heap is
#     placed in the first 32GB address space. The Java Heap base address is the
#     maximum limit for the native heap growth. Please use -XX:HeapBaseMinAddress
#     to set the Java Heap base and to place the Java Heap above 32GB virtual address.
# This output file may be truncated or incomplete.
#
#  Out of Memory Error (os_windows.cpp:3769), pid=28000, tid=22028
#
# JRE version:  (17.0.6) (build )
# Java VM: OpenJDK 64-Bit Server VM (17.0.6+0-b2043.56-10027231, mixed mode, sharing, tiered, compressed oops, compressed class ptrs, g1 gc, windows-amd64)
# No core dump will be written. Minidumps are not enabled by default on client versions of Windows
#

---------------  S U M M A R Y ------------

Command Line: org.jetbrains.kotlin.cli.jvm.K2JVMCompiler @D:\vsprojects\react-native\react-native-tutorial\node_modules\@react-native\gradle-plugin\build\20231031_7893918601202721644.compiler.options

Host: Intel(R) Xeon(R) CPU E5-1620 0 @ 3.60GHz, 8 cores, 15G,  Windows 10 , 64 bit Build 19041 (10.0.19041.3570)
Time: Tue Oct 31 16:47:43 2023 Pakistan Standard Time elapsed time: 0.025553 seconds (0d 0h 0m 0s)

---------------  T H R E A D  ---------------

Current thread (0x0000023c285ec740):  JavaThread "Unknown thread" [_thread_in_vm, id=22028, stack(0x000000b64d900000,0x000000b64da00000)]

Stack: [0x000000b64d900000,0x000000b64da00000]
Native frames: (J=compiled Java code, j=interpreted, Vv=VM code, C=native code)
V  [jvm.dll+0x683c9a]
V  [jvm.dll+0x8427a4]
V  [jvm.dll+0x843f9e]
V  [jvm.dll+0x844603]
V  [jvm.dll+0x249b75]
V  [jvm.dll+0x680b69]
V  [jvm.dll+0x67505a]
V  [jvm.dll+0x309acb]
V  [jvm.dll+0x310f86]
V  [jvm.dll+0x3608ee]
V  [jvm.dll+0x360b1f]
V  [jvm.dll+0x2dfbf8]
V  [jvm.dll+0x2e0b64]
V  [jvm.dll+0x814091]
V  [jvm.dll+0x36e6a1]
V  [jvm.dll+0x7f35cc]
V  [jvm.dll+0x3f0e8f]
V  [jvm.dll+0x3f29d1]
C  [jli.dll+0x526b]
C  [ucrtbase.dll+0x21bb2]
C  [KERNEL32.DLL+0x17344]
C  [ntdll.dll+0x526b1]


---------------  P R O C E S S  ---------------

Threads class SMR info:
_java_thread_list=0x00007ffcf832c058, length=0, elements={
}

Java Threads: ( => current thread )

Other Threads:
  0x0000023c28656d10 GCTaskThread "GC Thread#0" [stack: 0x000000b64da00000,0x000000b64db00000] [id=19476]
  0x0000023c28668ad0 ConcurrentGCThread "G1 Main Marker" [stack: 0x000000b64db00000,0x000000b64dc00000] [id=8216]
  0x0000023c286693f0 ConcurrentGCThread "G1 Conc#0" [stack: 0x000000b64dc00000,0x000000b64dd00000] [id=28908]

[error occurred during error reporting (printing all threads), id 0xc0000005, EXCEPTION_ACCESS_VIOLATION (0xc0000005) at pc=0x00007ffcf7ae0797]

VM state: not at safepoint (not fully initialized)

VM Mutex/Monitor currently owned by a thread:  ([mutex/lock_event])
[0x0000023c285e8bc0] Heap_lock - owner thread: 0x0000023c285ec740

Heap address: 0x0000000700a00000, size: 4086 MB, Compressed Oops mode: Zero based, Oop shift amount: 3

CDS archive(s) mapped at: [0x0000000000000000-0x0000000000000000-0x0000000000000000), size 0, SharedBaseAddress: 0x0000000800000000, ArchiveRelocationMode: 0.
Narrow klass base: 0x0000000000000000, Narrow klass shift: 0, Narrow klass range: 0x0

GC Precious Log:
<Empty>

Heap:
 garbage-first heap   total 0K, used 0K [0x0000000700a00000, 0x0000000800000000)
  region size 2048K, 0 young (0K), 0 survivors (0K)

[error occurred during error reporting (printing heap information), id 0xc0000005, EXCEPTION_ACCESS_VIOLATION (0xc0000005) at pc=0x00007ffcf7ecda89]

GC Heap History (0 events):
No events

Dll operation events (1 events):
Event: 0.013 Loaded shared library C:\Program Files\Android\Android Studio\jbr\bin\java.dll

Deoptimization events (0 events):
No events

Classes unloaded (0 events):
No events

Classes redefined (0 events):
No events

Internal exceptions (0 events):
No events

VM Operations (0 events):
No events

Events (0 events):
No events


Dynamic libraries:
0x00007ff690150000 - 0x00007ff69015a000 	C:\Program Files\Android\Android Studio\jbr\bin\java.exe
0x00007ffd55fd0000 - 0x00007ffd561c7000 	C:\Windows\SYSTEM32\ntdll.dll
0x00007ffd55670000 - 0x00007ffd5572d000 	C:\Windows\System32\KERNEL32.DLL
0x00007ffd538a0000 - 0x00007ffd53b96000 	C:\Windows\System32\KERNELBASE.dll
0x00007ffd3fad0000 - 0x00007ffd3fae7000 	C:\Program Files\Android\Android Studio\jbr\bin\jli.dll
0x00007ffd3f9b0000 - 0x00007ffd3f9cb000 	C:\Program Files\Android\Android Studio\jbr\bin\VCRUNTIME140.dll
0x00007ffd54d30000 - 0x00007ffd54ece000 	C:\Windows\System32\USER32.dll
0x00007ffd53fd0000 - 0x00007ffd53ff2000 	C:\Windows\System32\win32u.dll
0x00007ffd55ac0000 - 0x00007ffd55aec000 	C:\Windows\System32\GDI32.dll
0x00007ffd53ba0000 - 0x00007ffd53cba000 	C:\Windows\System32\gdi32full.dll
0x00007ffd53ec0000 - 0x00007ffd53f5d000 	C:\Windows\System32\msvcp_win.dll
0x00007ffd4c680000 - 0x00007ffd4c91a000 	C:\Windows\WinSxS\amd64_microsoft.windows.common-controls_6595b64144ccf1df_6.0.19041.3570_none_60bb2a3971f3e41a\COMCTL32.dll
0x00007ffd55730000 - 0x00007ffd557ce000 	C:\Windows\System32\msvcrt.dll
0x00007ffd53cc0000 - 0x00007ffd53dc0000 	C:\Windows\System32\ucrtbase.dll
0x00007ffd55130000 - 0x00007ffd55160000 	C:\Windows\System32\IMM32.DLL
0x00007ffd437e0000 - 0x00007ffd437ec000 	C:\Program Files\Android\Android Studio\jbr\bin\vcruntime140_1.dll
0x00007ffd2ed10000 - 0x00007ffd2ed9d000 	C:\Program Files\Android\Android Studio\jbr\bin\msvcp140.dll
0x00007ffcf77f0000 - 0x00007ffcf845e000 	C:\Program Files\Android\Android Studio\jbr\bin\server\jvm.dll
0x00007ffd540f0000 - 0x00007ffd5419e000 	C:\Windows\System32\ADVAPI32.dll
0x00007ffd542d0000 - 0x00007ffd5436c000 	C:\Windows\System32\sechost.dll
0x00007ffd544b0000 - 0x00007ffd545d6000 	C:\Windows\System32\RPCRT4.dll
0x00007ffd22810000 - 0x00007ffd22819000 	C:\Windows\SYSTEM32\WSOCK32.dll
0x00007ffd554c0000 - 0x00007ffd5552b000 	C:\Windows\System32\WS2_32.dll
0x00007ffd4d190000 - 0x00007ffd4d1b7000 	C:\Windows\SYSTEM32\WINMM.dll
0x00007ffd4d940000 - 0x00007ffd4d94a000 	C:\Windows\SYSTEM32\VERSION.dll
0x00007ffd51360000 - 0x00007ffd51372000 	C:\Windows\SYSTEM32\kernel.appcore.dll
0x00007ffd50b00000 - 0x00007ffd50b0a000 	C:\Program Files\Android\Android Studio\jbr\bin\jimage.dll
0x00007ffd444a0000 - 0x00007ffd44684000 	C:\Windows\SYSTEM32\DBGHELP.DLL
0x00007ffd449b0000 - 0x00007ffd449e4000 	C:\Windows\SYSTEM32\dbgcore.DLL
0x00007ffd53810000 - 0x00007ffd53892000 	C:\Windows\System32\bcryptPrimitives.dll
0x00007ffd404f0000 - 0x00007ffd40515000 	C:\Program Files\Android\Android Studio\jbr\bin\java.dll

dbghelp: loaded successfully - version: 4.0.5 - missing functions: none
symbol engine: initialized successfully - sym options: 0x614 - pdb path: .;C:\Program Files\Android\Android Studio\jbr\bin;C:\Windows\SYSTEM32;C:\Windows\WinSxS\amd64_microsoft.windows.common-controls_6595b64144ccf1df_6.0.19041.3570_none_60bb2a3971f3e41a;C:\Program Files\Android\Android Studio\jbr\bin\server

VM Arguments:
java_command: org.jetbrains.kotlin.cli.jvm.K2JVMCompiler @D:\vsprojects\react-native\react-native-tutorial\node_modules\@react-native\gradle-plugin\build\20231031_7893918601202721644.compiler.options
java_class_path (initial): C:\Users\abdullah.javed\.gradle\caches\modules-2\files-2.1\org.jetbrains.kotlin\kotlin-compiler-embeddable\1.7.22\1a39d9a56c9d1618300cd3444f070a5399663403\kotlin-compiler-embeddable-1.7.22.jar;C:\Users\abdullah.javed\.gradle\caches\modules-2\files-2.1\org.jetbrains.kotlin\kotlin-reflect\1.7.22\e61a16c5c838d324529a6aa72dfb88ea98958a29\kotlin-reflect-1.7.22.jar;C:\Users\abdullah.javed\.gradle\caches\modules-2\files-2.1\org.jetbrains.kotlin\kotlin-stdlib\1.7.22\9fb43bccb6cf8cfaaf3776c75f5df4f052f09b72\kotlin-stdlib-1.7.22.jar;C:\Users\abdullah.javed\.gradle\caches\modules-2\files-2.1\org.jetbrains.kotlin\kotlin-script-runtime\1.7.22\703a4d56168f3517532bc04481e3c8b751f685cb\kotlin-script-runtime-1.7.22.jar;C:\Users\abdullah.javed\.gradle\caches\modules-2\files-2.1\org.jetbrains.kotlin\kotlin-daemon-embeddable\1.7.22\a4f231458e1bb6fffbb8e1224f97d20a3ecc9c83\kotlin-daemon-embeddable-1.7.22.jar;C:\Users\abdullah.javed\.gradle\caches\modules-2\files-2.1\org.jetbrains.intellij.deps\trove4j\1.0.20200330\3afb14d5f9ceb459d724e907a21145e8ff394f02\trove4j-1.0.20200330.jar;C:\Users\abdullah.javed\.gradle\caches\modules-2\files-2.1\net.java.dev.jna\jna\5.6.0\330f2244e9030119ab3030fc3fededc86713d9cc\jna-5.6.0.jar;C:\Users\abdullah.javed\.gradle\caches\modules-2\files-2.1\org.jetbrains.kotlin\kotlin-stdlib-common\1.7.22\5dd2c9dcf64c94b46cf4bdb6fa4035b9bb726e2e\kotlin-stdlib-common-1.7.22.jar;C:\Users\abdullah.javed\.gradle\caches\modules-2\files-2.1\org.jetbrains\annotations\13.0\919f0dfe192fb4e063e7dacadee7f8bb9a2672a9\annotations-13.0.jar
Launcher Type: SUN_STANDARD

[Global flags]
     intx CICompilerCount                          = 4                                         {product} {ergonomic}
     uint ConcGCThreads                            = 2                                         {product} {ergonomic}
     uint G1ConcRefinementThreads                  = 8                                         {product} {ergonomic}
   size_t G1HeapRegionSize                         = 2097152                                   {product} {ergonomic}
    uintx GCDrainStackTargetSize                   = 64                                        {product} {ergonomic}
   size_t InitialHeapSize                          = 268435456                                 {product} {ergonomic}
   size_t MarkStackSize                            = 4194304                                   {product} {ergonomic}
   size_t MaxHeapSize                              = 4284481536                                {product} {ergonomic}
   size_t MinHeapDeltaBytes                        = 2097152                                   {product} {ergonomic}
   size_t MinHeapSize                              = 8388608                                   {product} {ergonomic}
    uintx NonNMethodCodeHeapSize                   = 5839372                                {pd product} {ergonomic}
    uintx NonProfiledCodeHeapSize                  = 122909434                              {pd product} {ergonomic}
    uintx ProfiledCodeHeapSize                     = 122909434                              {pd product} {ergonomic}
    uintx ReservedCodeCacheSize                    = 251658240                              {pd product} {ergonomic}
     bool SegmentedCodeCache                       = true                                      {product} {ergonomic}
   size_t SoftMaxHeapSize                          = 4284481536                             {manageable} {ergonomic}
     bool UseCompressedClassPointers               = true                           {product lp64_product} {ergonomic}
     bool UseCompressedOops                        = true                           {product lp64_product} {ergonomic}
     bool UseG1GC                                  = true                                      {product} {ergonomic}
     bool UseLargePagesIndividualAllocation        = false                                  {pd product} {ergonomic}

Logging:
Log output configuration:
 #0: stdout all=warning uptime,level,tags
 #1: stderr all=off uptime,level,tags

Environment Variables:
PATH=C:\Program Files\Common Files\Oracle\Java\javapath;C:\Program Files\Python310\Scripts\;C:\Program Files\Python310\;C:\Program Files\Python37\Scripts\;C:\Program Files\Python37\;C:\Program Files\Python312\Scripts\;C:\Program Files\Python312\;C:\Windows\system32;C:\Windows;C:\Windows\System32\Wbem;C:\Windows\System32\WindowsPowerShell\v1.0\;C:\Windows\System32\OpenSSH\;C:\Program Files\nodejs\;C:\Users\abdullah.javed\AppData\Local\Programs\Python\Launcher\;C:\Users\abdullah.javed\.console-ninja\.bin;C:\Users\abdullah.javed\AppData\Local\Microsoft\WindowsApps;C:\Users\abdullah.javed\AppData\Local\Programs\Git\cmd;C:\Users\abdullah.javed\AppData\Roaming\npm;C:\Users\abdullah.javed\AppData\Local\Programs\Microsoft VS Code\bin;C:\Users\abdullah.javed\AppData\Local\Programs\Python\Python312;C:\Users\abdullah.javed\AppData\Local\Android\Sdk\platform-tools;
USERNAME=abdullah.javed
OS=Windows_NT
PROCESSOR_IDENTIFIER=Intel64 Family 6 Model 45 Stepping 7, GenuineIntel
TMP=C:\Users\ABDULL~1.JAV\AppData\Local\Temp
TEMP=C:\Users\ABDULL~1.JAV\AppData\Local\Temp


JNI global refs:

[error occurred during error reporting (JNI global references), id 0xc0000005, EXCEPTION_ACCESS_VIOLATION (0xc0000005) at pc=0x00007ffcf78a7a10]


---------------  S Y S T E M  ---------------

OS:
 Windows 10 , 64 bit Build 19041 (10.0.19041.3570)
OS uptime: 0 days 7:07 hours

CPU: total 8 (initial active 8) (4 cores per cpu, 2 threads per core) family 6 model 45 stepping 7 microcode 0x718, cx8, cmov, fxsr, ht, mmx, sse, sse2, sse3, ssse3, sse4.1, sse4.2, popcnt, tsc, tscinvbit, avx, aes, clmul, vzeroupper, clflush

Memory: 4k page, system-wide physical 16341M (1026M free)
TotalPageFile size 31524M (AvailPageFile size 219M)
current process WorkingSet (physical memory assigned to process): 10M, peak: 10M
current process commit charge ("private bytes"): 60M, peak: 316M

vm_info: OpenJDK 64-Bit Server VM (17.0.6+0-b2043.56-10027231) for windows-amd64 JRE (17.0.6+0-b2043.56-10027231), built on Apr 28 2023 00:43:19 by "androidbuild" with MS VC++ 16.10 / 16.11 (VS2019)

END.
