#
# There is insufficient memory for the Java Runtime Environment to continue.
# Native memory allocation (mmap) failed to map 296747008 bytes for G1 virtual space
# Possible reasons:
#   The system is out of physical RAM or swap space
#   The process is running with CompressedOops enabled, and the Java Heap may be blocking the growth of the native heap
# Possible solutions:
#   Reduce memory load on the system
#   Increase physical memory or swap space
#   Check if swap backing store is full
#   Decrease Java heap size (-Xmx/-Xms)
#   Decrease number of Java threads
#   Decrease Java thread stack sizes (-Xss)
#   Set larger code cache with -XX:ReservedCodeCacheSize=
#   JVM is running with Unscaled Compressed Oops mode in which the Java heap is
#     placed in the first 4GB address space. The Java Heap base address is the
#     maximum limit for the native heap growth. Please use -XX:HeapBaseMinAddress
#     to set the Java Heap base and to place the Java Heap above 4GB virtual address.
# This output file may be truncated or incomplete.
#
#  Out of Memory Error (os_windows.cpp:3769), pid=31328, tid=12568
#
# JRE version: OpenJDK Runtime Environment (17.0.6) (build 17.0.6+0-b2043.56-10027231)
# Java VM: OpenJDK 64-Bit Server VM (17.0.6+0-b2043.56-10027231, mixed mode, tiered, compressed oops, compressed class ptrs, g1 gc, windows-amd64)
# No core dump will be written. Minidumps are not enabled by default on client versions of Windows
#

---------------  S U M M A R Y ------------

Command Line: -XX:MaxMetaspaceSize=512m --add-opens=java.base/java.util=ALL-UNNAMED --add-opens=java.base/java.lang=ALL-UNNAMED --add-opens=java.base/java.lang.invoke=ALL-UNNAMED --add-opens=java.prefs/java.util.prefs=ALL-UNNAMED --add-opens=java.base/java.nio.charset=ALL-UNNAMED --add-opens=java.base/java.net=ALL-UNNAMED --add-opens=java.base/java.util.concurrent.atomic=ALL-UNNAMED -Xmx2048m -Dfile.encoding=windows-1252 -Duser.country=US -Duser.language=en -Duser.variant org.gradle.launcher.daemon.bootstrap.GradleDaemon 8.0.1

Host: Intel(R) Xeon(R) CPU E5-1620 0 @ 3.60GHz, 8 cores, 15G,  Windows 10 , 64 bit Build 19041 (10.0.19041.3570)
Time: Tue Oct 31 16:47:23 2023 Pakistan Standard Time elapsed time: 227.475154 seconds (0d 0h 3m 47s)

---------------  T H R E A D  ---------------

Current thread (0x000001b816e55970):  VMThread "VM Thread" [stack: 0x0000005247300000,0x0000005247400000] [id=12568]

Stack: [0x0000005247300000,0x0000005247400000]
Native frames: (J=compiled Java code, j=interpreted, Vv=VM code, C=native code)
V  [jvm.dll+0x683c9a]
V  [jvm.dll+0x8427a4]
V  [jvm.dll+0x843f9e]
V  [jvm.dll+0x844603]
V  [jvm.dll+0x249b75]
V  [jvm.dll+0x680b69]
V  [jvm.dll+0x67505a]
V  [jvm.dll+0x309acb]
V  [jvm.dll+0x310f86]
V  [jvm.dll+0x3608ee]
V  [jvm.dll+0x360b1f]
V  [jvm.dll+0x2dfbf8]
V  [jvm.dll+0x2ddec4]
V  [jvm.dll+0x2dd4cc]
V  [jvm.dll+0x321f3b]
V  [jvm.dll+0x848ccb]
V  [jvm.dll+0x849a04]
V  [jvm.dll+0x849f1d]
V  [jvm.dll+0x84a2f4]
V  [jvm.dll+0x84a3c0]
V  [jvm.dll+0x7f274a]
V  [jvm.dll+0x682ad5]
C  [ucrtbase.dll+0x21bb2]
C  [KERNEL32.DLL+0x17344]
C  [ntdll.dll+0x526b1]

VM_Operation (0x000000524beff030): G1CollectForAllocation, mode: safepoint, requested by thread 0x000001b82064dab0


---------------  P R O C E S S  ---------------

Threads class SMR info:
_java_thread_list=0x000001b8203b7910, length=71, elements={
0x000001b87b05a810, 0x000001b817846620, 0x000001b817847dc0, 0x000001b817832370,
0x000001b817875000, 0x000001b817876060, 0x000001b8178770c0, 0x000001b81787aa80,
0x000001b817899040, 0x000001b81789a0e0, 0x000001b817a08220, 0x000001b817a28de0,
0x000001b81a12d3e0, 0x000001b819fe1df0, 0x000001b819299020, 0x000001b817f2fb50,
0x000001b817f30020, 0x000001b817f2ece0, 0x000001b817f2f680, 0x000001b817f309c0,
0x000001b817c2cdb0, 0x000001b817c2d280, 0x000001b817c2b0d0, 0x000001b817c2dc20,
0x000001b817c28a50, 0x000001b817c2e5c0, 0x000001b817c2b5a0, 0x000001b817c2f430,
0x000001b817c293f0, 0x000001b817c2c410, 0x000001b817c298c0, 0x000001b817c2ac00,
0x000001b817c2ef60, 0x000001b817c2a730, 0x000001b817c2ba70, 0x000001b817c2bf40,
0x000001b817c2d750, 0x000001b817f30e90, 0x000001b817f31360, 0x000001b817f31830,
0x000001b817f2de70, 0x000001b81b1f24c0, 0x000001b81b1f41a0, 0x000001b817f304f0,
0x000001b81b1f4670, 0x000001b82064e450, 0x000001b82064b900, 0x000001b820650130,
0x000001b82064a5c0, 0x000001b82064aa90, 0x000001b82064a0f0, 0x000001b82064bdd0,
0x000001b82064af60, 0x000001b82064b430, 0x000001b82064edf0, 0x000001b82064f790,
0x000001b82064e920, 0x000001b820650600, 0x000001b820650fa0, 0x000001b82064d110,
0x000001b82064fc60, 0x000001b82064c2a0, 0x000001b82064c770, 0x000001b820650ad0,
0x000001b820651940, 0x000001b82064cc40, 0x000001b82064d5e0, 0x000001b82064dab0,
0x000001b820651470, 0x000001b82064df80, 0x000001b818694280
}

Java Threads: ( => current thread )
  0x000001b87b05a810 JavaThread "main" [_thread_blocked, id=27264, stack(0x0000005246d00000,0x0000005246e00000)]
  0x000001b817846620 JavaThread "Reference Handler" daemon [_thread_blocked, id=21792, stack(0x0000005247400000,0x0000005247500000)]
  0x000001b817847dc0 JavaThread "Finalizer" daemon [_thread_blocked, id=22360, stack(0x0000005247500000,0x0000005247600000)]
  0x000001b817832370 JavaThread "Signal Dispatcher" daemon [_thread_blocked, id=19876, stack(0x0000005247600000,0x0000005247700000)]
  0x000001b817875000 JavaThread "Attach Listener" daemon [_thread_blocked, id=12472, stack(0x0000005247700000,0x0000005247800000)]
  0x000001b817876060 JavaThread "Service Thread" daemon [_thread_blocked, id=17528, stack(0x0000005247800000,0x0000005247900000)]
  0x000001b8178770c0 JavaThread "Monitor Deflation Thread" daemon [_thread_blocked, id=22040, stack(0x0000005247900000,0x0000005247a00000)]
  0x000001b81787aa80 JavaThread "C2 CompilerThread0" daemon [_thread_blocked, id=21980, stack(0x0000005247a00000,0x0000005247b00000)]
  0x000001b817899040 JavaThread "C1 CompilerThread0" daemon [_thread_blocked, id=29944, stack(0x0000005247b00000,0x0000005247c00000)]
  0x000001b81789a0e0 JavaThread "Sweeper thread" daemon [_thread_blocked, id=4360, stack(0x0000005247c00000,0x0000005247d00000)]
  0x000001b817a08220 JavaThread "Common-Cleaner" daemon [_thread_blocked, id=26912, stack(0x0000005247d00000,0x0000005247e00000)]
  0x000001b817a28de0 JavaThread "Notification Thread" daemon [_thread_blocked, id=27536, stack(0x0000005247e00000,0x0000005247f00000)]
  0x000001b81a12d3e0 JavaThread "Daemon health stats" [_thread_blocked, id=22380, stack(0x0000005248600000,0x0000005248700000)]
  0x000001b819fe1df0 JavaThread "Incoming local TCP Connector on port 54934" [_thread_in_native, id=30796, stack(0x0000005248000000,0x0000005248100000)]
  0x000001b819299020 JavaThread "Daemon periodic checks" [_thread_blocked, id=15996, stack(0x0000005248700000,0x0000005248800000)]
  0x000001b817f2fb50 JavaThread "Cache worker for journal cache (C:\Users\abdullah.javed\.gradle\caches\journal-1)" [_thread_blocked, id=19920, stack(0x0000005249300000,0x0000005249400000)]
  0x000001b817f30020 JavaThread "File lock request listener" [_thread_blocked, id=8656, stack(0x0000005249400000,0x0000005249500000)]
  0x000001b817f2ece0 JavaThread "Cache worker for file hash cache (C:\Users\abdullah.javed\.gradle\caches\8.0.1\fileHashes)" [_thread_blocked, id=25588, stack(0x0000005249500000,0x0000005249600000)]
  0x000001b817f2f680 JavaThread "File watcher server" daemon [_thread_in_native, id=26716, stack(0x0000005249600000,0x0000005249700000)]
  0x000001b817f309c0 JavaThread "File watcher consumer" daemon [_thread_blocked, id=29144, stack(0x0000005249700000,0x0000005249800000)]
  0x000001b817c2cdb0 JavaThread "jar transforms" [_thread_blocked, id=26484, stack(0x0000005249200000,0x0000005249300000)]
  0x000001b817c2d280 JavaThread "jar transforms Thread 2" [_thread_blocked, id=31148, stack(0x0000005249800000,0x0000005249900000)]
  0x000001b817c2b0d0 JavaThread "jar transforms Thread 3" [_thread_blocked, id=25340, stack(0x0000005249900000,0x0000005249a00000)]
  0x000001b817c2dc20 JavaThread "jar transforms Thread 4" [_thread_blocked, id=31060, stack(0x0000005249a00000,0x0000005249b00000)]
  0x000001b817c28a50 JavaThread "jar transforms Thread 5" [_thread_blocked, id=25168, stack(0x0000005249b00000,0x0000005249c00000)]
  0x000001b817c2e5c0 JavaThread "jar transforms Thread 6" [_thread_blocked, id=30624, stack(0x0000005249c00000,0x0000005249d00000)]
  0x000001b817c2b5a0 JavaThread "jar transforms Thread 7" [_thread_blocked, id=29120, stack(0x0000005249d00000,0x0000005249e00000)]
  0x000001b817c2f430 JavaThread "jar transforms Thread 8" [_thread_blocked, id=26152, stack(0x0000005249e00000,0x0000005249f00000)]
  0x000001b817c293f0 JavaThread "Cache worker for file content cache (C:\Users\abdullah.javed\.gradle\caches\8.0.1\fileContent)" [_thread_blocked, id=31592, stack(0x000000524a200000,0x000000524a300000)]
  0x000001b817c2c410 JavaThread "Cache worker for execution history cache (C:\Users\abdullah.javed\.gradle\caches\8.0.1\executionHistory)" [_thread_blocked, id=23856, stack(0x000000524a100000,0x000000524a200000)]
  0x000001b817c298c0 JavaThread "Daemon Thread 2" [_thread_blocked, id=28076, stack(0x0000005246a00000,0x0000005246b00000)]
  0x000001b817c2ac00 JavaThread "Handler for socket connection from /127.0.0.1:54934 to /127.0.0.1:57282" [_thread_in_native, id=30076, stack(0x0000005246b00000,0x0000005246c00000)]
  0x000001b817c2ef60 JavaThread "Cancel handler" [_thread_blocked, id=32676, stack(0x0000005246c00000,0x0000005246d00000)]
  0x000001b817c2a730 JavaThread "Daemon worker Thread 2" [_thread_blocked, id=31772, stack(0x0000005248800000,0x0000005248900000)]
  0x000001b817c2ba70 JavaThread "Asynchronous log dispatcher for DefaultDaemonConnection: socket connection from /127.0.0.1:54934 to /127.0.0.1:57282" [_thread_blocked, id=27852, stack(0x0000005248900000,0x0000005248a00000)]
  0x000001b817c2bf40 JavaThread "Stdin handler" [_thread_blocked, id=19596, stack(0x0000005248a00000,0x0000005248b00000)]
  0x000001b817c2d750 JavaThread "Daemon client event forwarder" [_thread_blocked, id=26784, stack(0x0000005248b00000,0x0000005248c00000)]
  0x000001b817f30e90 JavaThread "Cache worker for checksums cache (D:\vsprojects\react-native\react-native-tutorial\android\.gradle\8.0.1\checksums)" [_thread_blocked, id=27032, stack(0x0000005248d00000,0x0000005248e00000)]
  0x000001b817f31360 JavaThread "Cache worker for cache directory md-rule (C:\Users\abdullah.javed\.gradle\caches\8.0.1\md-rule)" [_thread_blocked, id=6636, stack(0x0000005248e00000,0x0000005248f00000)]
  0x000001b817f31830 JavaThread "Cache worker for file hash cache (D:\vsprojects\react-native\react-native-tutorial\android\.gradle\8.0.1\fileHashes)" [_thread_blocked, id=22200, stack(0x0000005249f00000,0x000000524a000000)]
  0x000001b817f2de70 JavaThread "Cache worker for cache directory md-supplier (C:\Users\abdullah.javed\.gradle\caches\8.0.1\md-supplier)" [_thread_blocked, id=17504, stack(0x000000524a000000,0x000000524a100000)]
  0x000001b81b1f24c0 JavaThread "File lock release action executor Thread 2" [_thread_blocked, id=10396, stack(0x0000005248c00000,0x0000005248d00000)]
  0x000001b81b1f41a0 JavaThread "Cache worker for kotlin-dsl (C:\Users\abdullah.javed\.gradle\caches\8.0.1\kotlin-dsl)" [_thread_blocked, id=12416, stack(0x000000524a500000,0x000000524a600000)]
  0x000001b817f304f0 JavaThread "Cache worker for dependencies-accessors (D:\vsprojects\react-native\react-native-tutorial\android\.gradle\8.0.1\dependencies-accessors)" [_thread_blocked, id=28092, stack(0x000000524a800000,0x000000524a900000)]
  0x000001b81b1f4670 JavaThread "Cache worker for Build Output Cleanup Cache (D:\vsprojects\react-native\react-native-tutorial\node_modules\@react-native\gradle-plugin\.gradle\buildOutputCleanup)" [_thread_blocked, id=22376, stack(0x000000524a900000,0x000000524aa00000)]
  0x000001b82064e450 JavaThread "Unconstrained build operations" [_thread_blocked, id=27948, stack(0x000000524a300000,0x000000524a400000)]
  0x000001b82064b900 JavaThread "Unconstrained build operations Thread 2" [_thread_blocked, id=21728, stack(0x000000524a400000,0x000000524a500000)]
  0x000001b820650130 JavaThread "Unconstrained build operations Thread 3" [_thread_blocked, id=25164, stack(0x000000524aa00000,0x000000524ab00000)]
  0x000001b82064a5c0 JavaThread "Unconstrained build operations Thread 4" [_thread_blocked, id=32532, stack(0x000000524ab00000,0x000000524ac00000)]
  0x000001b82064aa90 JavaThread "Unconstrained build operations Thread 5" [_thread_blocked, id=14332, stack(0x000000524ac00000,0x000000524ad00000)]
  0x000001b82064a0f0 JavaThread "Unconstrained build operations Thread 6" [_thread_blocked, id=30592, stack(0x000000524ad00000,0x000000524ae00000)]
  0x000001b82064bdd0 JavaThread "Unconstrained build operations Thread 7" [_thread_blocked, id=29500, stack(0x000000524ae00000,0x000000524af00000)]
  0x000001b82064af60 JavaThread "Unconstrained build operations Thread 8" [_thread_blocked, id=30992, stack(0x000000524af00000,0x000000524b000000)]
  0x000001b82064b430 JavaThread "Unconstrained build operations Thread 9" [_thread_blocked, id=460, stack(0x000000524b000000,0x000000524b100000)]
  0x000001b82064edf0 JavaThread "Unconstrained build operations Thread 10" [_thread_blocked, id=31004, stack(0x000000524b100000,0x000000524b200000)]
  0x000001b82064f790 JavaThread "Unconstrained build operations Thread 11" [_thread_blocked, id=23672, stack(0x000000524b200000,0x000000524b300000)]
  0x000001b82064e920 JavaThread "Unconstrained build operations Thread 12" [_thread_blocked, id=31928, stack(0x000000524b300000,0x000000524b400000)]
  0x000001b820650600 JavaThread "Unconstrained build operations Thread 13" [_thread_blocked, id=15784, stack(0x000000524b400000,0x000000524b500000)]
  0x000001b820650fa0 JavaThread "Unconstrained build operations Thread 14" [_thread_blocked, id=30028, stack(0x000000524b500000,0x000000524b600000)]
  0x000001b82064d110 JavaThread "Unconstrained build operations Thread 15" [_thread_blocked, id=11744, stack(0x000000524b600000,0x000000524b700000)]
  0x000001b82064fc60 JavaThread "Unconstrained build operations Thread 16" [_thread_blocked, id=16032, stack(0x000000524b700000,0x000000524b800000)]
  0x000001b82064c2a0 JavaThread "Unconstrained build operations Thread 17" [_thread_blocked, id=27348, stack(0x000000524b800000,0x000000524b900000)]
  0x000001b82064c770 JavaThread "Unconstrained build operations Thread 18" [_thread_blocked, id=32048, stack(0x000000524b900000,0x000000524ba00000)]
  0x000001b820650ad0 JavaThread "Unconstrained build operations Thread 19" [_thread_blocked, id=25152, stack(0x000000524ba00000,0x000000524bb00000)]
  0x000001b820651940 JavaThread "Unconstrained build operations Thread 20" [_thread_blocked, id=31852, stack(0x000000524bb00000,0x000000524bc00000)]
  0x000001b82064cc40 JavaThread "Unconstrained build operations Thread 21" [_thread_blocked, id=32008, stack(0x000000524bc00000,0x000000524bd00000)]
  0x000001b82064d5e0 JavaThread "Unconstrained build operations Thread 22" [_thread_blocked, id=31916, stack(0x000000524bd00000,0x000000524be00000)]
  0x000001b82064dab0 JavaThread "Unconstrained build operations Thread 23" [_thread_blocked, id=31152, stack(0x000000524be00000,0x000000524bf00000)]
  0x000001b820651470 JavaThread "Unconstrained build operations Thread 24" [_thread_blocked, id=32444, stack(0x000000524bf00000,0x000000524c000000)]
  0x000001b82064df80 JavaThread "Unconstrained build operations Thread 25" [_thread_blocked, id=23644, stack(0x000000524c000000,0x000000524c100000)]
  0x000001b818694280 JavaThread "Unconstrained build operations Thread 26" [_thread_blocked, id=32440, stack(0x000000524c100000,0x000000524c200000)]

Other Threads:
=>0x000001b816e55970 VMThread "VM Thread" [stack: 0x0000005247300000,0x0000005247400000] [id=12568]
  0x000001b817a08b00 WatcherThread [stack: 0x0000005247f00000,0x0000005248000000] [id=18604]
  0x000001b87b0b8a20 GCTaskThread "GC Thread#0" [stack: 0x0000005246e00000,0x0000005246f00000] [id=17892]
  0x000001b818989540 GCTaskThread "GC Thread#1" [stack: 0x0000005248100000,0x0000005248200000] [id=28484]
  0x000001b817b63000 GCTaskThread "GC Thread#2" [stack: 0x0000005248200000,0x0000005248300000] [id=30220]
  0x000001b8184d7d20 GCTaskThread "GC Thread#3" [stack: 0x0000005248300000,0x0000005248400000] [id=11092]
  0x000001b817b60760 GCTaskThread "GC Thread#4" [stack: 0x0000005248400000,0x0000005248500000] [id=28480]
  0x000001b818294770 GCTaskThread "GC Thread#5" [stack: 0x0000005248500000,0x0000005248600000] [id=25304]
  0x000001b819d4ea90 GCTaskThread "GC Thread#6" [stack: 0x0000005248f00000,0x0000005249000000] [id=10140]
  0x000001b81827daa0 GCTaskThread "GC Thread#7" [stack: 0x0000005249000000,0x0000005249100000] [id=32152]
  0x000001b87b0c9870 ConcurrentGCThread "G1 Main Marker" [stack: 0x0000005246f00000,0x0000005247000000] [id=29460]
  0x000001b87b0ca190 ConcurrentGCThread "G1 Conc#0" [stack: 0x0000005247000000,0x0000005247100000] [id=17376]
  0x000001b81a06cc80 ConcurrentGCThread "G1 Conc#1" [stack: 0x0000005249100000,0x0000005249200000] [id=9684]
  0x000001b87b12dcc0 ConcurrentGCThread "G1 Refine#0" [stack: 0x0000005247100000,0x0000005247200000] [id=22068]
  0x000001b81a8e1630 ConcurrentGCThread "G1 Refine#1" [stack: 0x000000524a600000,0x000000524a700000] [id=21860]
  0x000001b81a8e1070 ConcurrentGCThread "G1 Refine#2" [stack: 0x000000524a700000,0x000000524a800000] [id=14556]
  0x000001b87b12e5f0 ConcurrentGCThread "G1 Service" [stack: 0x0000005247200000,0x0000005247300000] [id=29548]

Threads with active compile tasks:
C2 CompilerThread0   227518 12728       4       java.lang.Class::descriptorString (170 bytes)
C1 CompilerThread0   227518 12739       3       org.gradle.internal.hash.HashCode::fromBytes (47 bytes)

VM state: at safepoint (normal execution)

VM Mutex/Monitor currently owned by a thread:  ([mutex/lock_event])
[0x000001b87b02ac60] Threads_lock - owner thread: 0x000001b816e55970
[0x000001b87b02aab0] Heap_lock - owner thread: 0x000001b82064dab0

Heap address: 0x0000000080000000, size: 2048 MB, Compressed Oops mode: 32-bit

CDS archive(s) not mapped
Compressed class space mapped at: 0x0000000100000000-0x0000000119c00000, reserved size: 432013312
Narrow klass base: 0x0000000000000000, Narrow klass shift: 3, Narrow klass range: 0x119c00000

GC Precious Log:
 CPUs: 8 total, 8 available
 Memory: 16341M
 Large Page Support: Disabled
 NUMA Support: Disabled
 Compressed Oops: Enabled (32-bit)
 Heap Region Size: 1M
 Heap Min Capacity: 8M
 Heap Initial Capacity: 256M
 Heap Max Capacity: 2G
 Pre-touch: Disabled
 Parallel Workers: 8
 Concurrent Workers: 2
 Concurrent Refinement Workers: 8
 Periodic GC: Disabled

Heap:
 garbage-first heap   total 262144K, used 139791K [0x0000000080000000, 0x0000000100000000)
  region size 1024K, 5 young (5120K), 5 survivors (5120K)
 Metaspace       used 122502K, committed 123328K, reserved 536576K
  class space    used 15917K, committed 16256K, reserved 421888K

Heap Regions: E=young(eden), S=young(survivor), O=old, HS=humongous(starts), HC=humongous(continues), CS=collection set, F=free, OA=open archive, CA=closed archive, TAMS=top-at-mark-start (previous, next)
|   0|0x0000000080000000, 0x0000000080100000, 0x0000000080100000|100%|HS|  |TAMS 0x0000000080100000, 0x0000000080000000| Complete 
|   1|0x0000000080100000, 0x0000000080200000, 0x0000000080200000|100%|HC|  |TAMS 0x0000000080200000, 0x0000000080100000| Complete 
|   2|0x0000000080200000, 0x0000000080300000, 0x0000000080300000|100%|HC|  |TAMS 0x0000000080300000, 0x0000000080200000| Complete 
|   3|0x0000000080300000, 0x0000000080400000, 0x0000000080400000|100%|HC|  |TAMS 0x0000000080400000, 0x0000000080300000| Complete 
|   4|0x0000000080400000, 0x0000000080500000, 0x0000000080500000|100%| O|  |TAMS 0x0000000080500000, 0x0000000080400000| Untracked 
|   5|0x0000000080500000, 0x0000000080600000, 0x0000000080600000|100%| O|  |TAMS 0x0000000080600000, 0x0000000080500000| Untracked 
|   6|0x0000000080600000, 0x0000000080700000, 0x0000000080700000|100%| O|  |TAMS 0x0000000080700000, 0x0000000080600000| Untracked 
|   7|0x0000000080700000, 0x0000000080800000, 0x0000000080800000|100%| O|  |TAMS 0x0000000080800000, 0x0000000080700000| Untracked 
|   8|0x0000000080800000, 0x0000000080900000, 0x0000000080900000|100%| O|  |TAMS 0x0000000080900000, 0x0000000080800000| Untracked 
|   9|0x0000000080900000, 0x0000000080a00000, 0x0000000080a00000|100%| O|  |TAMS 0x0000000080a00000, 0x0000000080900000| Untracked 
|  10|0x0000000080a00000, 0x0000000080b00000, 0x0000000080b00000|100%| O|  |TAMS 0x0000000080b00000, 0x0000000080a00000| Untracked 
|  11|0x0000000080b00000, 0x0000000080c00000, 0x0000000080c00000|100%| O|  |TAMS 0x0000000080c00000, 0x0000000080b00000| Untracked 
|  12|0x0000000080c00000, 0x0000000080d00000, 0x0000000080d00000|100%| O|  |TAMS 0x0000000080d00000, 0x0000000080c00000| Untracked 
|  13|0x0000000080d00000, 0x0000000080e00000, 0x0000000080e00000|100%| O|  |TAMS 0x0000000080e00000, 0x0000000080d00000| Untracked 
|  14|0x0000000080e00000, 0x0000000080f00000, 0x0000000080f00000|100%| O|  |TAMS 0x0000000080f00000, 0x0000000080e00000| Untracked 
|  15|0x0000000080f00000, 0x0000000081000000, 0x0000000081000000|100%| O|  |TAMS 0x0000000081000000, 0x0000000080f00000| Untracked 
|  16|0x0000000081000000, 0x0000000081100000, 0x0000000081100000|100%| O|  |TAMS 0x0000000081100000, 0x0000000081000000| Untracked 
|  17|0x0000000081100000, 0x0000000081200000, 0x0000000081200000|100%| O|  |TAMS 0x0000000081200000, 0x0000000081100000| Untracked 
|  18|0x0000000081200000, 0x0000000081300000, 0x0000000081300000|100%| O|  |TAMS 0x0000000081300000, 0x0000000081200000| Untracked 
|  19|0x0000000081300000, 0x0000000081400000, 0x0000000081400000|100%|HS|  |TAMS 0x0000000081400000, 0x0000000081300000| Complete 
|  20|0x0000000081400000, 0x0000000081500000, 0x0000000081500000|100%|HC|  |TAMS 0x0000000081500000, 0x0000000081400000| Complete 
|  21|0x0000000081500000, 0x0000000081600000, 0x0000000081600000|100%|HS|  |TAMS 0x0000000081600000, 0x0000000081500000| Complete 
|  22|0x0000000081600000, 0x0000000081700000, 0x0000000081700000|100%|HC|  |TAMS 0x0000000081700000, 0x0000000081600000| Complete 
|  23|0x0000000081700000, 0x0000000081800000, 0x0000000081800000|100%|HC|  |TAMS 0x0000000081800000, 0x0000000081700000| Complete 
|  24|0x0000000081800000, 0x0000000081900000, 0x0000000081900000|100%| O|  |TAMS 0x0000000081900000, 0x0000000081800000| Untracked 
|  25|0x0000000081900000, 0x0000000081a00000, 0x0000000081a00000|100%| O|  |TAMS 0x0000000081a00000, 0x0000000081900000| Untracked 
|  26|0x0000000081a00000, 0x0000000081b00000, 0x0000000081b00000|100%| O|  |TAMS 0x0000000081b00000, 0x0000000081a00000| Untracked 
|  27|0x0000000081b00000, 0x0000000081c00000, 0x0000000081c00000|100%| O|  |TAMS 0x0000000081c00000, 0x0000000081b00000| Untracked 
|  28|0x0000000081c00000, 0x0000000081d00000, 0x0000000081d00000|100%|HS|  |TAMS 0x0000000081d00000, 0x0000000081c00000| Complete 
|  29|0x0000000081d00000, 0x0000000081e00000, 0x0000000081e00000|100%|HC|  |TAMS 0x0000000081e00000, 0x0000000081d00000| Complete 
|  30|0x0000000081e00000, 0x0000000081f00000, 0x0000000081f00000|100%|HC|  |TAMS 0x0000000081f00000, 0x0000000081e00000| Complete 
|  31|0x0000000081f00000, 0x0000000082000000, 0x0000000082000000|100%| O|  |TAMS 0x0000000082000000, 0x0000000081f00000| Untracked 
|  32|0x0000000082000000, 0x0000000082100000, 0x0000000082100000|100%|HS|  |TAMS 0x0000000082100000, 0x0000000082000000| Complete 
|  33|0x0000000082100000, 0x0000000082200000, 0x0000000082200000|100%|HC|  |TAMS 0x0000000082200000, 0x0000000082100000| Complete 
|  34|0x0000000082200000, 0x0000000082300000, 0x0000000082300000|100%|HC|  |TAMS 0x0000000082300000, 0x0000000082200000| Complete 
|  35|0x0000000082300000, 0x0000000082400000, 0x0000000082400000|100%|HC|  |TAMS 0x0000000082400000, 0x0000000082300000| Complete 
|  36|0x0000000082400000, 0x0000000082500000, 0x0000000082500000|100%|HC|  |TAMS 0x0000000082500000, 0x0000000082400000| Complete 
|  37|0x0000000082500000, 0x0000000082600000, 0x0000000082600000|100%|HC|  |TAMS 0x0000000082600000, 0x0000000082500000| Complete 
|  38|0x0000000082600000, 0x0000000082700000, 0x0000000082700000|100%|HC|  |TAMS 0x0000000082700000, 0x0000000082600000| Complete 
|  39|0x0000000082700000, 0x0000000082800000, 0x0000000082800000|100%|HC|  |TAMS 0x0000000082800000, 0x0000000082700000| Complete 
|  40|0x0000000082800000, 0x0000000082900000, 0x0000000082900000|100%|HC|  |TAMS 0x0000000082900000, 0x0000000082800000| Complete 
|  41|0x0000000082900000, 0x0000000082a00000, 0x0000000082a00000|100%|HC|  |TAMS 0x0000000082a00000, 0x0000000082900000| Complete 
|  42|0x0000000082a00000, 0x0000000082b00000, 0x0000000082b00000|100%|HC|  |TAMS 0x0000000082b00000, 0x0000000082a00000| Complete 
|  43|0x0000000082b00000, 0x0000000082c00000, 0x0000000082c00000|100%|HC|  |TAMS 0x0000000082c00000, 0x0000000082b00000| Complete 
|  44|0x0000000082c00000, 0x0000000082d00000, 0x0000000082d00000|100%|HS|  |TAMS 0x0000000082d00000, 0x0000000082c00000| Complete 
|  45|0x0000000082d00000, 0x0000000082e00000, 0x0000000082e00000|100%|HC|  |TAMS 0x0000000082e00000, 0x0000000082d00000| Complete 
|  46|0x0000000082e00000, 0x0000000082f00000, 0x0000000082f00000|100%| O|  |TAMS 0x0000000082f00000, 0x0000000082e00000| Untracked 
|  47|0x0000000082f00000, 0x0000000083000000, 0x0000000083000000|100%| O|  |TAMS 0x0000000083000000, 0x0000000082f00000| Untracked 
|  48|0x0000000083000000, 0x0000000083100000, 0x0000000083100000|100%| O|  |TAMS 0x0000000083000000, 0x0000000083000000| Untracked 
|  49|0x0000000083100000, 0x0000000083200000, 0x0000000083200000|100%| O|  |TAMS 0x0000000083200000, 0x0000000083100000| Untracked 
|  50|0x0000000083200000, 0x0000000083300000, 0x0000000083300000|100%| O|  |TAMS 0x0000000083300000, 0x0000000083200000| Untracked 
|  51|0x0000000083300000, 0x0000000083400000, 0x0000000083400000|100%| O|  |TAMS 0x0000000083400000, 0x0000000083300000| Untracked 
|  52|0x0000000083400000, 0x0000000083500000, 0x0000000083500000|100%| O|  |TAMS 0x0000000083500000, 0x0000000083400000| Untracked 
|  53|0x0000000083500000, 0x0000000083600000, 0x0000000083600000|100%| O|  |TAMS 0x0000000083600000, 0x0000000083500000| Untracked 
|  54|0x0000000083600000, 0x0000000083700000, 0x0000000083700000|100%| O|  |TAMS 0x0000000083700000, 0x0000000083600000| Untracked 
|  55|0x0000000083700000, 0x0000000083800000, 0x0000000083800000|100%| O|  |TAMS 0x0000000083800000, 0x0000000083700000| Untracked 
|  56|0x0000000083800000, 0x0000000083900000, 0x0000000083900000|100%| O|  |TAMS 0x0000000083900000, 0x0000000083800000| Untracked 
|  57|0x0000000083900000, 0x0000000083a00000, 0x0000000083a00000|100%| O|  |TAMS 0x0000000083a00000, 0x0000000083900000| Untracked 
|  58|0x0000000083a00000, 0x0000000083b00000, 0x0000000083b00000|100%| O|  |TAMS 0x0000000083b00000, 0x0000000083a00000| Untracked 
|  59|0x0000000083b00000, 0x0000000083c00000, 0x0000000083c00000|100%| O|  |TAMS 0x0000000083c00000, 0x0000000083b00000| Untracked 
|  60|0x0000000083c00000, 0x0000000083d00000, 0x0000000083d00000|100%| O|  |TAMS 0x0000000083d00000, 0x0000000083c00000| Untracked 
|  61|0x0000000083d00000, 0x0000000083e00000, 0x0000000083e00000|100%| O|  |TAMS 0x0000000083d00000, 0x0000000083d00000| Untracked 
|  62|0x0000000083e00000, 0x0000000083f00000, 0x0000000083f00000|100%| O|  |TAMS 0x0000000083f00000, 0x0000000083e00000| Untracked 
|  63|0x0000000083f00000, 0x0000000084000000, 0x0000000084000000|100%| O|  |TAMS 0x0000000084000000, 0x0000000083f00000| Untracked 
|  64|0x0000000084000000, 0x0000000084000000, 0x0000000084100000|  0%| F|  |TAMS 0x0000000084000000, 0x0000000084000000| Untracked 
|  65|0x0000000084100000, 0x0000000084200000, 0x0000000084200000|100%| O|  |TAMS 0x0000000084200000, 0x0000000084100000| Untracked 
|  66|0x0000000084200000, 0x0000000084300000, 0x0000000084300000|100%| O|  |TAMS 0x0000000084300000, 0x0000000084200000| Untracked 
|  67|0x0000000084300000, 0x0000000084400000, 0x0000000084400000|100%| O|  |TAMS 0x0000000084400000, 0x0000000084300000| Untracked 
|  68|0x0000000084400000, 0x0000000084500000, 0x0000000084500000|100%|HS|  |TAMS 0x0000000084500000, 0x0000000084400000| Complete 
|  69|0x0000000084500000, 0x0000000084600000, 0x0000000084600000|100%|HC|  |TAMS 0x0000000084600000, 0x0000000084500000| Complete 
|  70|0x0000000084600000, 0x0000000084700000, 0x0000000084700000|100%|HC|  |TAMS 0x0000000084700000, 0x0000000084600000| Complete 
|  71|0x0000000084700000, 0x0000000084800000, 0x0000000084800000|100%| O|  |TAMS 0x0000000084800000, 0x0000000084700000| Untracked 
|  72|0x0000000084800000, 0x0000000084900000, 0x0000000084900000|100%| O|  |TAMS 0x0000000084900000, 0x0000000084800000| Untracked 
|  73|0x0000000084900000, 0x0000000084a00000, 0x0000000084a00000|100%| O|  |TAMS 0x0000000084a00000, 0x0000000084900000| Untracked 
|  74|0x0000000084a00000, 0x0000000084b00000, 0x0000000084b00000|100%|HS|  |TAMS 0x0000000084b00000, 0x0000000084a00000| Complete 
|  75|0x0000000084b00000, 0x0000000084c00000, 0x0000000084c00000|100%|HC|  |TAMS 0x0000000084c00000, 0x0000000084b00000| Complete 
|  76|0x0000000084c00000, 0x0000000084d00000, 0x0000000084d00000|100%|HC|  |TAMS 0x0000000084d00000, 0x0000000084c00000| Complete 
|  77|0x0000000084d00000, 0x0000000084e00000, 0x0000000084e00000|100%| O|  |TAMS 0x0000000084e00000, 0x0000000084d00000| Untracked 
|  78|0x0000000084e00000, 0x0000000084f00000, 0x0000000084f00000|100%|HS|  |TAMS 0x0000000084f00000, 0x0000000084e00000| Complete 
|  79|0x0000000084f00000, 0x0000000085000000, 0x0000000085000000|100%|HC|  |TAMS 0x0000000085000000, 0x0000000084f00000| Complete 
|  80|0x0000000085000000, 0x0000000085100000, 0x0000000085100000|100%|HC|  |TAMS 0x0000000085100000, 0x0000000085000000| Complete 
|  81|0x0000000085100000, 0x0000000085200000, 0x0000000085200000|100%|HC|  |TAMS 0x0000000085200000, 0x0000000085100000| Complete 
|  82|0x0000000085200000, 0x0000000085300000, 0x0000000085300000|100%|HS|  |TAMS 0x0000000085300000, 0x0000000085200000| Complete 
|  83|0x0000000085300000, 0x0000000085400000, 0x0000000085400000|100%|HC|  |TAMS 0x0000000085400000, 0x0000000085300000| Complete 
|  84|0x0000000085400000, 0x0000000085500000, 0x0000000085500000|100%|HC|  |TAMS 0x0000000085500000, 0x0000000085400000| Complete 
|  85|0x0000000085500000, 0x0000000085600000, 0x0000000085600000|100%|HC|  |TAMS 0x0000000085600000, 0x0000000085500000| Complete 
|  86|0x0000000085600000, 0x0000000085700000, 0x0000000085700000|100%|HC|  |TAMS 0x0000000085700000, 0x0000000085600000| Complete 
|  87|0x0000000085700000, 0x0000000085800000, 0x0000000085800000|100%|HC|  |TAMS 0x0000000085800000, 0x0000000085700000| Complete 
|  88|0x0000000085800000, 0x0000000085900000, 0x0000000085900000|100%| O|  |TAMS 0x0000000085900000, 0x0000000085800000| Untracked 
|  89|0x0000000085900000, 0x0000000085a00000, 0x0000000085a00000|100%| O|  |TAMS 0x0000000085a00000, 0x0000000085900000| Untracked 
|  90|0x0000000085a00000, 0x0000000085b00000, 0x0000000085b00000|100%| O|  |TAMS 0x0000000085b00000, 0x0000000085a00000| Untracked 
|  91|0x0000000085b00000, 0x0000000085c00000, 0x0000000085c00000|100%| O|  |TAMS 0x0000000085c00000, 0x0000000085b00000| Untracked 
|  92|0x0000000085c00000, 0x0000000085d00000, 0x0000000085d00000|100%| O|  |TAMS 0x0000000085d00000, 0x0000000085c00000| Untracked 
|  93|0x0000000085d00000, 0x0000000085e00000, 0x0000000085e00000|100%| O|  |TAMS 0x0000000085e00000, 0x0000000085d00000| Untracked 
|  94|0x0000000085e00000, 0x0000000085f00000, 0x0000000085f00000|100%| O|  |TAMS 0x0000000085f00000, 0x0000000085e00000| Untracked 
|  95|0x0000000085f00000, 0x0000000086000000, 0x0000000086000000|100%| O|  |TAMS 0x0000000086000000, 0x0000000085f00000| Untracked 
|  96|0x0000000086000000, 0x0000000086100000, 0x0000000086100000|100%| O|  |TAMS 0x0000000086100000, 0x0000000086000000| Untracked 
|  97|0x0000000086100000, 0x0000000086200000, 0x0000000086200000|100%| O|  |TAMS 0x0000000086200000, 0x0000000086100000| Untracked 
|  98|0x0000000086200000, 0x0000000086300000, 0x0000000086300000|100%| O|  |TAMS 0x0000000086300000, 0x0000000086200000| Untracked 
|  99|0x0000000086300000, 0x0000000086400000, 0x0000000086400000|100%| O|  |TAMS 0x0000000086400000, 0x0000000086300000| Untracked 
| 100|0x0000000086400000, 0x0000000086500000, 0x0000000086500000|100%| O|  |TAMS 0x0000000086500000, 0x0000000086400000| Untracked 
| 101|0x0000000086500000, 0x0000000086600000, 0x0000000086600000|100%| O|  |TAMS 0x0000000086600000, 0x0000000086500000| Untracked 
| 102|0x0000000086600000, 0x0000000086700000, 0x0000000086700000|100%| O|  |TAMS 0x0000000086700000, 0x0000000086600000| Untracked 
| 103|0x0000000086700000, 0x0000000086800000, 0x0000000086800000|100%| O|  |TAMS 0x0000000086800000, 0x0000000086700000| Untracked 
| 104|0x0000000086800000, 0x0000000086900000, 0x0000000086900000|100%| O|  |TAMS 0x0000000086900000, 0x0000000086800000| Untracked 
| 105|0x0000000086900000, 0x0000000086a00000, 0x0000000086a00000|100%| O|  |TAMS 0x0000000086a00000, 0x0000000086900000| Untracked 
| 106|0x0000000086a00000, 0x0000000086b00000, 0x0000000086b00000|100%| O|  |TAMS 0x0000000086b00000, 0x0000000086a00000| Untracked 
| 107|0x0000000086b00000, 0x0000000086c00000, 0x0000000086c00000|100%| O|  |TAMS 0x0000000086c00000, 0x0000000086b00000| Untracked 
| 108|0x0000000086c00000, 0x0000000086d00000, 0x0000000086d00000|100%| O|  |TAMS 0x0000000086d00000, 0x0000000086c00000| Untracked 
| 109|0x0000000086d00000, 0x0000000086e00000, 0x0000000086e00000|100%| O|  |TAMS 0x0000000086e00000, 0x0000000086d00000| Untracked 
| 110|0x0000000086e00000, 0x0000000086f00000, 0x0000000086f00000|100%| O|  |TAMS 0x0000000086f00000, 0x0000000086e00000| Untracked 
| 111|0x0000000086f00000, 0x0000000087000000, 0x0000000087000000|100%| O|  |TAMS 0x0000000087000000, 0x0000000086f00000| Untracked 
| 112|0x0000000087000000, 0x0000000087100000, 0x0000000087100000|100%| O|  |TAMS 0x0000000087100000, 0x0000000087000000| Untracked 
| 113|0x0000000087100000, 0x0000000087200000, 0x0000000087200000|100%| O|  |TAMS 0x0000000087200000, 0x0000000087100000| Untracked 
| 114|0x0000000087200000, 0x0000000087300000, 0x0000000087300000|100%| O|  |TAMS 0x0000000087300000, 0x0000000087200000| Untracked 
| 115|0x0000000087300000, 0x0000000087400000, 0x0000000087400000|100%| O|  |TAMS 0x0000000087400000, 0x0000000087300000| Untracked 
| 116|0x0000000087400000, 0x0000000087500000, 0x0000000087500000|100%| O|  |TAMS 0x0000000087500000, 0x0000000087400000| Untracked 
| 117|0x0000000087500000, 0x0000000087500000, 0x0000000087600000|  0%| F|  |TAMS 0x0000000087500000, 0x0000000087500000| Untracked 
| 118|0x0000000087600000, 0x0000000087700000, 0x0000000087700000|100%| O|  |TAMS 0x0000000087600000, 0x0000000087600000| Untracked 
| 119|0x0000000087700000, 0x0000000087800000, 0x0000000087800000|100%| O|  |TAMS 0x0000000087800000, 0x0000000087700000| Untracked 
| 120|0x0000000087800000, 0x0000000087900000, 0x0000000087900000|100%| O|  |TAMS 0x0000000087900000, 0x0000000087800000| Untracked 
| 121|0x0000000087900000, 0x0000000087a00000, 0x0000000087a00000|100%| O|  |TAMS 0x0000000087a00000, 0x0000000087900000| Untracked 
| 122|0x0000000087a00000, 0x0000000087b00000, 0x0000000087b00000|100%| O|  |TAMS 0x0000000087b00000, 0x0000000087a00000| Untracked 
| 123|0x0000000087b00000, 0x0000000087c00000, 0x0000000087c00000|100%| O|  |TAMS 0x0000000087c00000, 0x0000000087b00000| Untracked 
| 124|0x0000000087c00000, 0x0000000087d00000, 0x0000000087d00000|100%| O|  |TAMS 0x0000000087d00000, 0x0000000087c00000| Untracked 
| 125|0x0000000087d00000, 0x0000000087e00000, 0x0000000087e00000|100%| O|  |TAMS 0x0000000087e00000, 0x0000000087d00000| Untracked 
| 126|0x0000000087e00000, 0x0000000087f00000, 0x0000000087f00000|100%| O|  |TAMS 0x0000000087f00000, 0x0000000087e00000| Untracked 
| 127|0x0000000087f00000, 0x0000000088000000, 0x0000000088000000|100%| O|  |TAMS 0x0000000087f78000, 0x0000000087f00000| Untracked 
| 128|0x0000000088000000, 0x0000000088100000, 0x0000000088100000|100%| O|  |TAMS 0x0000000088000000, 0x0000000088000000| Untracked 
| 129|0x0000000088100000, 0x0000000088200000, 0x0000000088200000|100%| O|  |TAMS 0x0000000088100000, 0x0000000088100000| Untracked 
| 130|0x0000000088200000, 0x0000000088300000, 0x0000000088300000|100%| O|  |TAMS 0x0000000088200000, 0x0000000088200000| Untracked 
| 131|0x0000000088300000, 0x0000000088400000, 0x0000000088400000|100%| O|  |TAMS 0x0000000088300000, 0x0000000088300000| Untracked 
| 132|0x0000000088400000, 0x0000000088500000, 0x0000000088500000|100%| O|  |TAMS 0x0000000088400000, 0x0000000088400000| Untracked 
| 133|0x0000000088500000, 0x0000000088595c00, 0x0000000088600000| 58%| O|  |TAMS 0x0000000088500000, 0x0000000088500000| Untracked 
| 134|0x0000000088600000, 0x0000000088600000, 0x0000000088700000|  0%| F|  |TAMS 0x0000000088600000, 0x0000000088600000| Untracked 
| 135|0x0000000088700000, 0x0000000088700000, 0x0000000088800000|  0%| F|  |TAMS 0x0000000088700000, 0x0000000088700000| Untracked 
| 136|0x0000000088800000, 0x0000000088800000, 0x0000000088900000|  0%| F|  |TAMS 0x0000000088800000, 0x0000000088800000| Untracked 
| 137|0x0000000088900000, 0x0000000088900000, 0x0000000088a00000|  0%| F|  |TAMS 0x0000000088900000, 0x0000000088900000| Untracked 
| 138|0x0000000088a00000, 0x0000000088a00000, 0x0000000088b00000|  0%| F|  |TAMS 0x0000000088a00000, 0x0000000088a00000| Untracked 
| 139|0x0000000088b00000, 0x0000000088b00000, 0x0000000088c00000|  0%| F|  |TAMS 0x0000000088b00000, 0x0000000088b00000| Untracked 
| 140|0x0000000088c00000, 0x0000000088c00000, 0x0000000088d00000|  0%| F|  |TAMS 0x0000000088c00000, 0x0000000088c00000| Untracked 
| 141|0x0000000088d00000, 0x0000000088d00000, 0x0000000088e00000|  0%| F|  |TAMS 0x0000000088d00000, 0x0000000088d00000| Untracked 
| 142|0x0000000088e00000, 0x0000000088e00000, 0x0000000088f00000|  0%| F|  |TAMS 0x0000000088e00000, 0x0000000088e00000| Untracked 
| 143|0x0000000088f00000, 0x0000000088f00000, 0x0000000089000000|  0%| F|  |TAMS 0x0000000088f00000, 0x0000000088f00000| Untracked 
| 144|0x0000000089000000, 0x0000000089000000, 0x0000000089100000|  0%| F|  |TAMS 0x0000000089000000, 0x0000000089000000| Untracked 
| 145|0x0000000089100000, 0x0000000089100000, 0x0000000089200000|  0%| F|  |TAMS 0x0000000089100000, 0x0000000089100000| Untracked 
| 146|0x0000000089200000, 0x0000000089200000, 0x0000000089300000|  0%| F|  |TAMS 0x0000000089200000, 0x0000000089200000| Untracked 
| 147|0x0000000089300000, 0x0000000089300000, 0x0000000089400000|  0%| F|  |TAMS 0x0000000089300000, 0x0000000089300000| Untracked 
| 148|0x0000000089400000, 0x0000000089400000, 0x0000000089500000|  0%| F|  |TAMS 0x0000000089400000, 0x0000000089400000| Untracked 
| 149|0x0000000089500000, 0x0000000089500000, 0x0000000089600000|  0%| F|  |TAMS 0x0000000089500000, 0x0000000089500000| Untracked 
| 150|0x0000000089600000, 0x0000000089600000, 0x0000000089700000|  0%| F|  |TAMS 0x0000000089600000, 0x0000000089600000| Untracked 
| 151|0x0000000089700000, 0x0000000089700000, 0x0000000089800000|  0%| F|  |TAMS 0x0000000089700000, 0x0000000089700000| Untracked 
| 152|0x0000000089800000, 0x0000000089800000, 0x0000000089900000|  0%| F|  |TAMS 0x0000000089800000, 0x0000000089800000| Untracked 
| 153|0x0000000089900000, 0x0000000089900000, 0x0000000089a00000|  0%| F|  |TAMS 0x0000000089900000, 0x0000000089900000| Untracked 
| 154|0x0000000089a00000, 0x0000000089a00000, 0x0000000089b00000|  0%| F|  |TAMS 0x0000000089a00000, 0x0000000089a00000| Untracked 
| 155|0x0000000089b00000, 0x0000000089b00000, 0x0000000089c00000|  0%| F|  |TAMS 0x0000000089b00000, 0x0000000089b00000| Untracked 
| 156|0x0000000089c00000, 0x0000000089c00000, 0x0000000089d00000|  0%| F|  |TAMS 0x0000000089c00000, 0x0000000089c00000| Untracked 
| 157|0x0000000089d00000, 0x0000000089d00000, 0x0000000089e00000|  0%| F|  |TAMS 0x0000000089d00000, 0x0000000089d00000| Untracked 
| 158|0x0000000089e00000, 0x0000000089e00000, 0x0000000089f00000|  0%| F|  |TAMS 0x0000000089e00000, 0x0000000089e00000| Untracked 
| 159|0x0000000089f00000, 0x0000000089f00000, 0x000000008a000000|  0%| F|  |TAMS 0x0000000089f00000, 0x0000000089f00000| Untracked 
| 160|0x000000008a000000, 0x000000008a000000, 0x000000008a100000|  0%| F|  |TAMS 0x000000008a000000, 0x000000008a000000| Untracked 
| 161|0x000000008a100000, 0x000000008a100000, 0x000000008a200000|  0%| F|  |TAMS 0x000000008a100000, 0x000000008a100000| Untracked 
| 162|0x000000008a200000, 0x000000008a200000, 0x000000008a300000|  0%| F|  |TAMS 0x000000008a200000, 0x000000008a200000| Untracked 
| 163|0x000000008a300000, 0x000000008a300000, 0x000000008a400000|  0%| F|  |TAMS 0x000000008a300000, 0x000000008a300000| Untracked 
| 164|0x000000008a400000, 0x000000008a400000, 0x000000008a500000|  0%| F|  |TAMS 0x000000008a400000, 0x000000008a400000| Untracked 
| 165|0x000000008a500000, 0x000000008a5ee348, 0x000000008a600000| 93%| S|CS|TAMS 0x000000008a500000, 0x000000008a500000| Complete 
| 166|0x000000008a600000, 0x000000008a700000, 0x000000008a700000|100%| S|CS|TAMS 0x000000008a600000, 0x000000008a600000| Complete 
| 167|0x000000008a700000, 0x000000008a800000, 0x000000008a800000|100%| S|CS|TAMS 0x000000008a700000, 0x000000008a700000| Complete 
| 168|0x000000008a800000, 0x000000008a900000, 0x000000008a900000|100%| S|CS|TAMS 0x000000008a800000, 0x000000008a800000| Complete 
| 169|0x000000008a900000, 0x000000008aa00000, 0x000000008aa00000|100%| S|CS|TAMS 0x000000008a900000, 0x000000008a900000| Complete 
| 170|0x000000008aa00000, 0x000000008aa00000, 0x000000008ab00000|  0%| F|  |TAMS 0x000000008aa00000, 0x000000008aa00000| Untracked 
| 171|0x000000008ab00000, 0x000000008ab00000, 0x000000008ac00000|  0%| F|  |TAMS 0x000000008ab00000, 0x000000008ab00000| Untracked 
| 172|0x000000008ac00000, 0x000000008ac00000, 0x000000008ad00000|  0%| F|  |TAMS 0x000000008ac00000, 0x000000008ac00000| Untracked 
| 173|0x000000008ad00000, 0x000000008ad00000, 0x000000008ae00000|  0%| F|  |TAMS 0x000000008ad00000, 0x000000008ad00000| Untracked 
| 174|0x000000008ae00000, 0x000000008ae00000, 0x000000008af00000|  0%| F|  |TAMS 0x000000008ae00000, 0x000000008ae00000| Untracked 
| 175|0x000000008af00000, 0x000000008af00000, 0x000000008b000000|  0%| F|  |TAMS 0x000000008af00000, 0x000000008af00000| Untracked 
| 176|0x000000008b000000, 0x000000008b000000, 0x000000008b100000|  0%| F|  |TAMS 0x000000008b000000, 0x000000008b000000| Untracked 
| 177|0x000000008b100000, 0x000000008b100000, 0x000000008b200000|  0%| F|  |TAMS 0x000000008b100000, 0x000000008b100000| Untracked 
| 178|0x000000008b200000, 0x000000008b200000, 0x000000008b300000|  0%| F|  |TAMS 0x000000008b200000, 0x000000008b200000| Untracked 
| 179|0x000000008b300000, 0x000000008b300000, 0x000000008b400000|  0%| F|  |TAMS 0x000000008b300000, 0x000000008b300000| Untracked 
| 180|0x000000008b400000, 0x000000008b400000, 0x000000008b500000|  0%| F|  |TAMS 0x000000008b400000, 0x000000008b400000| Untracked 
| 181|0x000000008b500000, 0x000000008b500000, 0x000000008b600000|  0%| F|  |TAMS 0x000000008b500000, 0x000000008b500000| Untracked 
| 182|0x000000008b600000, 0x000000008b600000, 0x000000008b700000|  0%| F|  |TAMS 0x000000008b600000, 0x000000008b600000| Untracked 
| 183|0x000000008b700000, 0x000000008b700000, 0x000000008b800000|  0%| F|  |TAMS 0x000000008b700000, 0x000000008b700000| Untracked 
| 184|0x000000008b800000, 0x000000008b800000, 0x000000008b900000|  0%| F|  |TAMS 0x000000008b800000, 0x000000008b800000| Untracked 
| 185|0x000000008b900000, 0x000000008b900000, 0x000000008ba00000|  0%| F|  |TAMS 0x000000008b900000, 0x000000008b900000| Untracked 
| 186|0x000000008ba00000, 0x000000008ba00000, 0x000000008bb00000|  0%| F|  |TAMS 0x000000008ba00000, 0x000000008ba00000| Untracked 
| 187|0x000000008bb00000, 0x000000008bb00000, 0x000000008bc00000|  0%| F|  |TAMS 0x000000008bb00000, 0x000000008bb00000| Untracked 
| 188|0x000000008bc00000, 0x000000008bc00000, 0x000000008bd00000|  0%| F|  |TAMS 0x000000008bc00000, 0x000000008bc00000| Untracked 
| 189|0x000000008bd00000, 0x000000008bd00000, 0x000000008be00000|  0%| F|  |TAMS 0x000000008bd00000, 0x000000008bd00000| Untracked 
| 190|0x000000008be00000, 0x000000008be00000, 0x000000008bf00000|  0%| F|  |TAMS 0x000000008be00000, 0x000000008be00000| Untracked 
| 191|0x000000008bf00000, 0x000000008bf00000, 0x000000008c000000|  0%| F|  |TAMS 0x000000008bf00000, 0x000000008bf00000| Untracked 
| 192|0x000000008c000000, 0x000000008c000000, 0x000000008c100000|  0%| F|  |TAMS 0x000000008c000000, 0x000000008c000000| Untracked 
| 193|0x000000008c100000, 0x000000008c100000, 0x000000008c200000|  0%| F|  |TAMS 0x000000008c100000, 0x000000008c100000| Untracked 
| 194|0x000000008c200000, 0x000000008c200000, 0x000000008c300000|  0%| F|  |TAMS 0x000000008c200000, 0x000000008c200000| Untracked 
| 195|0x000000008c300000, 0x000000008c300000, 0x000000008c400000|  0%| F|  |TAMS 0x000000008c300000, 0x000000008c300000| Untracked 
| 196|0x000000008c400000, 0x000000008c400000, 0x000000008c500000|  0%| F|  |TAMS 0x000000008c400000, 0x000000008c400000| Untracked 
| 197|0x000000008c500000, 0x000000008c500000, 0x000000008c600000|  0%| F|  |TAMS 0x000000008c500000, 0x000000008c500000| Untracked 
| 198|0x000000008c600000, 0x000000008c600000, 0x000000008c700000|  0%| F|  |TAMS 0x000000008c600000, 0x000000008c600000| Untracked 
| 199|0x000000008c700000, 0x000000008c700000, 0x000000008c800000|  0%| F|  |TAMS 0x000000008c700000, 0x000000008c700000| Untracked 
| 200|0x000000008c800000, 0x000000008c800000, 0x000000008c900000|  0%| F|  |TAMS 0x000000008c800000, 0x000000008c800000| Untracked 
| 201|0x000000008c900000, 0x000000008c900000, 0x000000008ca00000|  0%| F|  |TAMS 0x000000008c900000, 0x000000008c900000| Untracked 
| 202|0x000000008ca00000, 0x000000008ca00000, 0x000000008cb00000|  0%| F|  |TAMS 0x000000008ca00000, 0x000000008ca00000| Untracked 
| 203|0x000000008cb00000, 0x000000008cb00000, 0x000000008cc00000|  0%| F|  |TAMS 0x000000008cb00000, 0x000000008cb00000| Untracked 
| 204|0x000000008cc00000, 0x000000008cc00000, 0x000000008cd00000|  0%| F|  |TAMS 0x000000008cc00000, 0x000000008cc00000| Untracked 
| 205|0x000000008cd00000, 0x000000008cd00000, 0x000000008ce00000|  0%| F|  |TAMS 0x000000008cd00000, 0x000000008cd00000| Untracked 
| 206|0x000000008ce00000, 0x000000008ce00000, 0x000000008cf00000|  0%| F|  |TAMS 0x000000008ce00000, 0x000000008ce00000| Untracked 
| 207|0x000000008cf00000, 0x000000008cf00000, 0x000000008d000000|  0%| F|  |TAMS 0x000000008cf00000, 0x000000008cf00000| Untracked 
| 208|0x000000008d000000, 0x000000008d000000, 0x000000008d100000|  0%| F|  |TAMS 0x000000008d000000, 0x000000008d000000| Untracked 
| 209|0x000000008d100000, 0x000000008d100000, 0x000000008d200000|  0%| F|  |TAMS 0x000000008d100000, 0x000000008d100000| Untracked 
| 210|0x000000008d200000, 0x000000008d200000, 0x000000008d300000|  0%| F|  |TAMS 0x000000008d200000, 0x000000008d200000| Untracked 
| 211|0x000000008d300000, 0x000000008d300000, 0x000000008d400000|  0%| F|  |TAMS 0x000000008d300000, 0x000000008d300000| Untracked 
| 212|0x000000008d400000, 0x000000008d400000, 0x000000008d500000|  0%| F|  |TAMS 0x000000008d400000, 0x000000008d400000| Untracked 
| 213|0x000000008d500000, 0x000000008d500000, 0x000000008d600000|  0%| F|  |TAMS 0x000000008d500000, 0x000000008d500000| Untracked 
| 214|0x000000008d600000, 0x000000008d600000, 0x000000008d700000|  0%| F|  |TAMS 0x000000008d600000, 0x000000008d600000| Untracked 
| 215|0x000000008d700000, 0x000000008d700000, 0x000000008d800000|  0%| F|  |TAMS 0x000000008d700000, 0x000000008d700000| Untracked 
| 216|0x000000008d800000, 0x000000008d800000, 0x000000008d900000|  0%| F|  |TAMS 0x000000008d800000, 0x000000008d800000| Untracked 
| 217|0x000000008d900000, 0x000000008d900000, 0x000000008da00000|  0%| F|  |TAMS 0x000000008d900000, 0x000000008d900000| Untracked 
| 218|0x000000008da00000, 0x000000008da00000, 0x000000008db00000|  0%| F|  |TAMS 0x000000008da00000, 0x000000008da00000| Untracked 
| 219|0x000000008db00000, 0x000000008db00000, 0x000000008dc00000|  0%| F|  |TAMS 0x000000008db00000, 0x000000008db00000| Untracked 
| 220|0x000000008dc00000, 0x000000008dc00000, 0x000000008dd00000|  0%| F|  |TAMS 0x000000008dc00000, 0x000000008dc00000| Untracked 
| 221|0x000000008dd00000, 0x000000008dd00000, 0x000000008de00000|  0%| F|  |TAMS 0x000000008dd00000, 0x000000008dd00000| Untracked 
| 222|0x000000008de00000, 0x000000008de00000, 0x000000008df00000|  0%| F|  |TAMS 0x000000008de00000, 0x000000008de00000| Untracked 
| 223|0x000000008df00000, 0x000000008df00000, 0x000000008e000000|  0%| F|  |TAMS 0x000000008df00000, 0x000000008df00000| Untracked 
| 224|0x000000008e000000, 0x000000008e000000, 0x000000008e100000|  0%| F|  |TAMS 0x000000008e000000, 0x000000008e000000| Untracked 
| 225|0x000000008e100000, 0x000000008e100000, 0x000000008e200000|  0%| F|  |TAMS 0x000000008e100000, 0x000000008e100000| Untracked 
| 226|0x000000008e200000, 0x000000008e200000, 0x000000008e300000|  0%| F|  |TAMS 0x000000008e200000, 0x000000008e200000| Untracked 
| 227|0x000000008e300000, 0x000000008e300000, 0x000000008e400000|  0%| F|  |TAMS 0x000000008e300000, 0x000000008e300000| Untracked 
| 228|0x000000008e400000, 0x000000008e400000, 0x000000008e500000|  0%| F|  |TAMS 0x000000008e400000, 0x000000008e400000| Untracked 
| 229|0x000000008e500000, 0x000000008e500000, 0x000000008e600000|  0%| F|  |TAMS 0x000000008e500000, 0x000000008e500000| Untracked 
| 230|0x000000008e600000, 0x000000008e600000, 0x000000008e700000|  0%| F|  |TAMS 0x000000008e600000, 0x000000008e600000| Untracked 
| 231|0x000000008e700000, 0x000000008e700000, 0x000000008e800000|  0%| F|  |TAMS 0x000000008e700000, 0x000000008e700000| Untracked 
| 232|0x000000008e800000, 0x000000008e800000, 0x000000008e900000|  0%| F|  |TAMS 0x000000008e800000, 0x000000008e800000| Untracked 
| 233|0x000000008e900000, 0x000000008e900000, 0x000000008ea00000|  0%| F|  |TAMS 0x000000008e900000, 0x000000008e900000| Untracked 
| 234|0x000000008ea00000, 0x000000008ea00000, 0x000000008eb00000|  0%| F|  |TAMS 0x000000008ea00000, 0x000000008ea00000| Untracked 
| 235|0x000000008eb00000, 0x000000008eb00000, 0x000000008ec00000|  0%| F|  |TAMS 0x000000008eb00000, 0x000000008eb00000| Untracked 
| 236|0x000000008ec00000, 0x000000008ec00000, 0x000000008ed00000|  0%| F|  |TAMS 0x000000008ec00000, 0x000000008ec00000| Untracked 
| 237|0x000000008ed00000, 0x000000008ed00000, 0x000000008ee00000|  0%| F|  |TAMS 0x000000008ed00000, 0x000000008ed00000| Untracked 
| 238|0x000000008ee00000, 0x000000008ee00000, 0x000000008ef00000|  0%| F|  |TAMS 0x000000008ee00000, 0x000000008ee00000| Untracked 
| 239|0x000000008ef00000, 0x000000008ef00000, 0x000000008f000000|  0%| F|  |TAMS 0x000000008ef00000, 0x000000008ef00000| Untracked 
| 240|0x000000008f000000, 0x000000008f000000, 0x000000008f100000|  0%| F|  |TAMS 0x000000008f000000, 0x000000008f000000| Untracked 
| 241|0x000000008f100000, 0x000000008f100000, 0x000000008f200000|  0%| F|  |TAMS 0x000000008f100000, 0x000000008f100000| Untracked 
| 242|0x000000008f200000, 0x000000008f200000, 0x000000008f300000|  0%| F|  |TAMS 0x000000008f200000, 0x000000008f200000| Untracked 
| 243|0x000000008f300000, 0x000000008f300000, 0x000000008f400000|  0%| F|  |TAMS 0x000000008f300000, 0x000000008f300000| Untracked 
| 244|0x000000008f400000, 0x000000008f400000, 0x000000008f500000|  0%| F|  |TAMS 0x000000008f400000, 0x000000008f400000| Untracked 
| 245|0x000000008f500000, 0x000000008f500000, 0x000000008f600000|  0%| F|  |TAMS 0x000000008f500000, 0x000000008f500000| Untracked 
| 246|0x000000008f600000, 0x000000008f600000, 0x000000008f700000|  0%| F|  |TAMS 0x000000008f600000, 0x000000008f600000| Untracked 
| 247|0x000000008f700000, 0x000000008f700000, 0x000000008f800000|  0%| F|  |TAMS 0x000000008f700000, 0x000000008f700000| Untracked 
| 248|0x000000008f800000, 0x000000008f800000, 0x000000008f900000|  0%| F|  |TAMS 0x000000008f800000, 0x000000008f800000| Untracked 
| 249|0x000000008f900000, 0x000000008f900000, 0x000000008fa00000|  0%| F|  |TAMS 0x000000008f900000, 0x000000008f900000| Untracked 
| 250|0x000000008fa00000, 0x000000008fa00000, 0x000000008fb00000|  0%| F|  |TAMS 0x000000008fa00000, 0x000000008fa00000| Untracked 
| 251|0x000000008fb00000, 0x000000008fb00000, 0x000000008fc00000|  0%| F|  |TAMS 0x000000008fb00000, 0x000000008fb00000| Untracked 
| 252|0x000000008fc00000, 0x000000008fc00000, 0x000000008fd00000|  0%| F|  |TAMS 0x000000008fc00000, 0x000000008fc00000| Untracked 
| 253|0x000000008fd00000, 0x000000008fd00000, 0x000000008fe00000|  0%| F|  |TAMS 0x000000008fd00000, 0x000000008fd00000| Untracked 
| 254|0x000000008fe00000, 0x000000008fe00000, 0x000000008ff00000|  0%| F|  |TAMS 0x000000008fe00000, 0x000000008fe00000| Untracked 
| 255|0x000000008ff00000, 0x000000008ff00000, 0x0000000090000000|  0%| F|  |TAMS 0x000000008ff00000, 0x000000008ff00000| Untracked 

Card table byte_map: [0x000001b80fb80000,0x000001b80ff80000] _byte_map_base: 0x000001b80f780000

Marking Bits (Prev, Next): (CMBitMap*) 0x000001b87b0b8f80, (CMBitMap*) 0x000001b87b0b8f40
 Prev Bits: [0x000001b812380000, 0x000001b814380000)
 Next Bits: [0x000001b810380000, 0x000001b812380000)

Polling page: 0x000001b87af10000

Metaspace:

Usage:
  Non-class:    104.09 MB used.
      Class:     15.54 MB used.
       Both:    119.63 MB used.

Virtual space:
  Non-class space:      112.00 MB reserved,     104.56 MB ( 93%) committed,  14 nodes.
      Class space:      412.00 MB reserved,      15.88 MB (  4%) committed,  1 nodes.
             Both:      524.00 MB reserved,     120.44 MB ( 23%) committed. 

Chunk freelists:
   Non-Class:  3.36 MB
       Class:  16.00 KB
        Both:  3.38 MB

MaxMetaspaceSize: 512.00 MB
CompressedClassSpaceSize: 412.00 MB
Initial GC threshold: 21.00 MB
Current GC threshold: 192.44 MB
CDS: off
MetaspaceReclaimPolicy: balanced
 - commit_granule_bytes: 65536.
 - commit_granule_words: 8192.
 - virtual_space_node_default_size: 1048576.
 - enlarge_chunks_in_place: 1.
 - new_chunks_are_fully_committed: 0.
 - uncommit_free_chunks: 1.
 - use_allocation_guard: 0.
 - handle_deallocations: 1.


Internal statistics:

num_allocs_failed_limit: 6.
num_arena_births: 1008.
num_arena_deaths: 30.
num_vsnodes_births: 15.
num_vsnodes_deaths: 0.
num_space_committed: 1925.
num_space_uncommitted: 0.
num_chunks_returned_to_freelist: 56.
num_chunks_taken_from_freelist: 5220.
num_chunk_merges: 13.
num_chunk_splits: 3909.
num_chunks_enlarged: 3090.
num_purges: 6.
num_inconsistent_stats: 0.

CodeHeap 'non-profiled nmethods': size=120000Kb used=7704Kb max_used=7704Kb free=112295Kb
 bounds [0x000001b807ad0000, 0x000001b808260000, 0x000001b80f000000]
CodeHeap 'profiled nmethods': size=120000Kb used=20561Kb max_used=20561Kb free=99439Kb
 bounds [0x000001b800000000, 0x000001b801420000, 0x000001b807530000]
CodeHeap 'non-nmethods': size=5760Kb used=2502Kb max_used=2561Kb free=3257Kb
 bounds [0x000001b807530000, 0x000001b8077c0000, 0x000001b807ad0000]
 total_blobs=11710 nmethods=10647 adapters=973
 compilation: enabled
              stopped_count=0, restarted_count=0
 full_count=0

Compilation events (20 events):
Event: 227.440 Thread 0x000001b817899040 nmethod 12726 0x000001b808255890 code [0x000001b808255a20, 0x000001b808255af8]
Event: 227.444 Thread 0x000001b81787aa80 nmethod 12718 0x000001b808255b90 code [0x000001b808255d20, 0x000001b8082561a8]
Event: 227.444 Thread 0x000001b81787aa80 12728       4       java.lang.Class::descriptorString (170 bytes)
Event: 227.454 Thread 0x000001b817899040 12729       3       org.gradle.api.internal.attributes.DefaultImmutableAttributes::findEntry (30 bytes)
Event: 227.454 Thread 0x000001b817899040 nmethod 12729 0x000001b80140f890 code [0x000001b80140fa60, 0x000001b80140fec8]
Event: 227.454 Thread 0x000001b817899040 12730       3       org.gradle.api.internal.attributes.DefaultImmutableAttributes::isEmpty (13 bytes)
Event: 227.454 Thread 0x000001b817899040 nmethod 12730 0x000001b801410010 code [0x000001b8014101a0, 0x000001b801410318]
Event: 227.454 Thread 0x000001b817899040 12731       3       org.gradle.internal.operations.DefaultBuildOperationRunner::assertParentRunning (47 bytes)
Event: 227.455 Thread 0x000001b817899040 nmethod 12731 0x000001b801410390 code [0x000001b801410580, 0x000001b801410cf8]
Event: 227.455 Thread 0x000001b817899040 12732       3       org.gradle.internal.operations.CurrentBuildOperationRef::set (23 bytes)
Event: 227.455 Thread 0x000001b817899040 nmethod 12732 0x000001b801410f90 code [0x000001b801411160, 0x000001b801411458]
Event: 227.455 Thread 0x000001b817899040 12733       3       org.gradle.internal.operations.BuildOperationState::setRunning (9 bytes)
Event: 227.455 Thread 0x000001b817899040 nmethod 12733 0x000001b801411590 code [0x000001b801411720, 0x000001b8014118f8]
Event: 227.461 Thread 0x000001b817899040 12736       3       java.util.concurrent.atomic.AtomicBoolean::<init> (5 bytes)
Event: 227.461 Thread 0x000001b817899040 nmethod 12736 0x000001b801411a10 code [0x000001b801411ba0, 0x000001b801411cf8]
Event: 227.462 Thread 0x000001b817899040 12737       3       java.util.concurrent.ConcurrentHashMap::get (162 bytes)
Event: 227.462 Thread 0x000001b817899040 nmethod 12737 0x000001b801411d90 code [0x000001b801411fe0, 0x000001b801412aa8]
Event: 227.463 Thread 0x000001b817899040 12738       3       org.gradle.internal.serialize.kryo.KryoBackedEncoder::writeByte (9 bytes)
Event: 227.463 Thread 0x000001b817899040 nmethod 12738 0x000001b801412d90 code [0x000001b801412f40, 0x000001b8014130a8]
Event: 227.463 Thread 0x000001b817899040 12739       3       org.gradle.internal.hash.HashCode::fromBytes (47 bytes)

GC Heap History (20 events):
Event: 219.986 GC heap after
{Heap after GC invocations=53 (full 0):
 garbage-first heap   total 235520K, used 104596K [0x0000000080000000, 0x0000000100000000)
  region size 1024K, 15 young (15360K), 15 survivors (15360K)
 Metaspace       used 79025K, committed 79744K, reserved 495616K
  class space    used 10812K, committed 11136K, reserved 421888K
}
Event: 220.860 GC heap before
{Heap before GC invocations=53 (full 0):
 garbage-first heap   total 235520K, used 173204K [0x0000000080000000, 0x0000000100000000)
  region size 1024K, 77 young (78848K), 15 survivors (15360K)
 Metaspace       used 87241K, committed 88000K, reserved 503808K
  class space    used 11624K, committed 11968K, reserved 421888K
}
Event: 220.876 GC heap after
{Heap after GC invocations=54 (full 0):
 garbage-first heap   total 235520K, used 117917K [0x0000000080000000, 0x0000000100000000)
  region size 1024K, 7 young (7168K), 7 survivors (7168K)
 Metaspace       used 87241K, committed 88000K, reserved 503808K
  class space    used 11624K, committed 11968K, reserved 421888K
}
Event: 222.187 GC heap before
{Heap before GC invocations=55 (full 0):
 garbage-first heap   total 235520K, used 190621K [0x0000000080000000, 0x0000000100000000)
  region size 1024K, 80 young (81920K), 7 survivors (7168K)
 Metaspace       used 95765K, committed 96512K, reserved 512000K
  class space    used 12692K, committed 12992K, reserved 421888K
}
Event: 222.195 GC heap after
{Heap after GC invocations=56 (full 0):
 garbage-first heap   total 235520K, used 121012K [0x0000000080000000, 0x0000000100000000)
  region size 1024K, 7 young (7168K), 7 survivors (7168K)
 Metaspace       used 95765K, committed 96512K, reserved 512000K
  class space    used 12692K, committed 12992K, reserved 421888K
}
Event: 222.210 GC heap before
{Heap before GC invocations=56 (full 0):
 garbage-first heap   total 235520K, used 125108K [0x0000000080000000, 0x0000000100000000)
  region size 1024K, 11 young (11264K), 7 survivors (7168K)
 Metaspace       used 95778K, committed 96512K, reserved 512000K
  class space    used 12692K, committed 12992K, reserved 421888K
}
Event: 222.215 GC heap after
{Heap after GC invocations=57 (full 0):
 garbage-first heap   total 235520K, used 121341K [0x0000000080000000, 0x0000000100000000)
  region size 1024K, 2 young (2048K), 2 survivors (2048K)
 Metaspace       used 95778K, committed 96512K, reserved 512000K
  class space    used 12692K, committed 12992K, reserved 421888K
}
Event: 223.121 GC heap before
{Heap before GC invocations=57 (full 0):
 garbage-first heap   total 235520K, used 191997K [0x0000000080000000, 0x0000000100000000)
  region size 1024K, 71 young (72704K), 2 survivors (2048K)
 Metaspace       used 99535K, committed 100288K, reserved 512000K
  class space    used 13104K, committed 13440K, reserved 421888K
}
Event: 223.129 GC heap after
{Heap after GC invocations=58 (full 0):
 garbage-first heap   total 235520K, used 125957K [0x0000000080000000, 0x0000000100000000)
  region size 1024K, 7 young (7168K), 7 survivors (7168K)
 Metaspace       used 99535K, committed 100288K, reserved 512000K
  class space    used 13104K, committed 13440K, reserved 421888K
}
Event: 224.180 GC heap before
{Heap before GC invocations=59 (full 0):
 garbage-first heap   total 235520K, used 193541K [0x0000000080000000, 0x0000000100000000)
  region size 1024K, 73 young (74752K), 7 survivors (7168K)
 Metaspace       used 107696K, committed 108416K, reserved 520192K
  class space    used 14086K, committed 14400K, reserved 421888K
}
Event: 224.188 GC heap after
{Heap after GC invocations=60 (full 0):
 garbage-first heap   total 235520K, used 130161K [0x0000000080000000, 0x0000000100000000)
  region size 1024K, 9 young (9216K), 9 survivors (9216K)
 Metaspace       used 107696K, committed 108416K, reserved 520192K
  class space    used 14086K, committed 14400K, reserved 421888K
}
Event: 224.208 GC heap before
{Heap before GC invocations=60 (full 0):
 garbage-first heap   total 235520K, used 131185K [0x0000000080000000, 0x0000000100000000)
  region size 1024K, 11 young (11264K), 9 survivors (9216K)
 Metaspace       used 107838K, committed 108544K, reserved 520192K
  class space    used 14107K, committed 14400K, reserved 421888K
}
Event: 224.219 GC heap after
{Heap after GC invocations=61 (full 0):
 garbage-first heap   total 235520K, used 129504K [0x0000000080000000, 0x0000000100000000)
  region size 1024K, 1 young (1024K), 1 survivors (1024K)
 Metaspace       used 107838K, committed 108544K, reserved 520192K
  class space    used 14107K, committed 14400K, reserved 421888K
}
Event: 225.196 GC heap before
{Heap before GC invocations=61 (full 0):
 garbage-first heap   total 235520K, used 195040K [0x0000000080000000, 0x0000000100000000)
  region size 1024K, 65 young (66560K), 1 survivors (1024K)
 Metaspace       used 117425K, committed 118144K, reserved 528384K
  class space    used 15148K, committed 15424K, reserved 421888K
}
Event: 225.201 GC heap after
{Heap after GC invocations=62 (full 0):
 garbage-first heap   total 235520K, used 131402K [0x0000000080000000, 0x0000000100000000)
  region size 1024K, 3 young (3072K), 3 survivors (3072K)
 Metaspace       used 117425K, committed 118144K, reserved 528384K
  class space    used 15148K, committed 15424K, reserved 421888K
}
Event: 225.650 GC heap before
{Heap before GC invocations=63 (full 0):
 garbage-first heap   total 235520K, used 196938K [0x0000000080000000, 0x0000000100000000)
  region size 1024K, 67 young (68608K), 3 survivors (3072K)
 Metaspace       used 117758K, committed 118464K, reserved 528384K
  class space    used 15157K, committed 15424K, reserved 421888K
}
Event: 225.657 GC heap after
{Heap after GC invocations=64 (full 0):
 garbage-first heap   total 235520K, used 136852K [0x0000000080000000, 0x0000000100000000)
  region size 1024K, 9 young (9216K), 9 survivors (9216K)
 Metaspace       used 117758K, committed 118464K, reserved 528384K
  class space    used 15157K, committed 15424K, reserved 421888K
}
Event: 225.703 GC heap before
{Heap before GC invocations=64 (full 0):
 garbage-first heap   total 235520K, used 138900K [0x0000000080000000, 0x0000000100000000)
  region size 1024K, 11 young (11264K), 9 survivors (9216K)
 Metaspace       used 118033K, committed 118784K, reserved 528384K
  class space    used 15184K, committed 15488K, reserved 421888K
}
Event: 225.709 GC heap after
{Heap after GC invocations=65 (full 0):
 garbage-first heap   total 235520K, used 135949K [0x0000000080000000, 0x0000000100000000)
  region size 1024K, 2 young (2048K), 2 survivors (2048K)
 Metaspace       used 118033K, committed 118784K, reserved 528384K
  class space    used 15184K, committed 15488K, reserved 421888K
}
Event: 227.464 GC heap before
{Heap before GC invocations=65 (full 0):
 garbage-first heap   total 235520K, used 195341K [0x0000000080000000, 0x0000000100000000)
  region size 1024K, 60 young (61440K), 2 survivors (2048K)
 Metaspace       used 122502K, committed 123328K, reserved 536576K
  class space    used 15917K, committed 16256K, reserved 421888K
}

Dll operation events (2 events):
Event: 0.022 Loaded shared library C:\Program Files\Android\Android Studio\jbr\bin\java.dll
Event: 0.603 Loaded shared library C:\Program Files\Android\Android Studio\jbr\bin\verify.dll

Deoptimization events (20 events):
Event: 227.142 Thread 0x000001b817c2a730 Uncommon trap: trap_request=0xffffff45 fr.pc=0x000001b807c426a8 relative=0x00000000000000a8
Event: 227.142 Thread 0x000001b817c2a730 Uncommon trap: reason=unstable_if action=reinterpret pc=0x000001b807c426a8 method=java.net.URI.match(CJJ)Z @ 45 c2
Event: 227.142 Thread 0x000001b817c2a730 DEOPT PACKING pc=0x000001b807c426a8 sp=0x00000052488f6bb0
Event: 227.142 Thread 0x000001b817c2a730 DEOPT UNPACKING pc=0x000001b8075869a3 sp=0x00000052488f6b60 mode 2
Event: 227.265 Thread 0x000001b817c2a730 Uncommon trap: trap_request=0xffffff45 fr.pc=0x000001b807e38224 relative=0x0000000000003224
Event: 227.265 Thread 0x000001b817c2a730 Uncommon trap: reason=unstable_if action=reinterpret pc=0x000001b807e38224 method=org.objectweb.asm.ClassWriter.visit(IILjava/lang/String;Ljava/lang/String;Ljava/lang/String;[Ljava/lang/String;)V @ 71 c2
Event: 227.265 Thread 0x000001b817c2a730 DEOPT PACKING pc=0x000001b807e38224 sp=0x00000052488f6580
Event: 227.265 Thread 0x000001b817c2a730 DEOPT UNPACKING pc=0x000001b8075869a3 sp=0x00000052488f6508 mode 2
Event: 227.281 Thread 0x000001b817c2a730 Uncommon trap: trap_request=0xffffffbe fr.pc=0x000001b807e43140 relative=0x00000000000001a0
Event: 227.281 Thread 0x000001b817c2a730 Uncommon trap: reason=profile_predicate action=maybe_recompile pc=0x000001b807e43140 method=java.util.LinkedHashMap.keysToArray([Ljava/lang/Object;)[Ljava/lang/Object; @ 12 c2
Event: 227.281 Thread 0x000001b817c2a730 DEOPT PACKING pc=0x000001b807e43140 sp=0x00000052488f6aa0
Event: 227.281 Thread 0x000001b817c2a730 DEOPT UNPACKING pc=0x000001b8075869a3 sp=0x00000052488f6a58 mode 2
Event: 227.310 Thread 0x000001b817c2a730 Uncommon trap: trap_request=0xffffffd6 fr.pc=0x000001b8080a6a88 relative=0x0000000000000728
Event: 227.310 Thread 0x000001b817c2a730 Uncommon trap: reason=array_check action=maybe_recompile pc=0x000001b8080a6a88 method=java.util.TimSort.binarySort([Ljava/lang/Object;IIILjava/util/Comparator;)V @ 215 c2
Event: 227.310 Thread 0x000001b817c2a730 DEOPT PACKING pc=0x000001b8080a6a88 sp=0x00000052488f7190
Event: 227.310 Thread 0x000001b817c2a730 DEOPT UNPACKING pc=0x000001b8075869a3 sp=0x00000052488f7138 mode 2
Event: 227.461 Thread 0x000001b82064edf0 Uncommon trap: trap_request=0xffffff45 fr.pc=0x000001b807f4d260 relative=0x0000000000000240
Event: 227.461 Thread 0x000001b82064edf0 Uncommon trap: reason=unstable_if action=reinterpret pc=0x000001b807f4d260 method=java.util.concurrent.ConcurrentHashMap.get(Ljava/lang/Object;)Ljava/lang/Object; @ 86 c2
Event: 227.461 Thread 0x000001b82064edf0 DEOPT PACKING pc=0x000001b807f4d260 sp=0x000000524b1feae0
Event: 227.461 Thread 0x000001b82064edf0 DEOPT UNPACKING pc=0x000001b8075869a3 sp=0x000000524b1fea58 mode 2

Classes unloaded (20 events):
Event: 25.124 Thread 0x000001b816e55970 Unloading class 0x0000000100600000 '_BuildScript_'
Event: 220.955 Thread 0x000001b816e55970 Unloading class 0x000000010073e000 '_BuildScript_$_run_closure1$_closure2$_closure4'
Event: 220.955 Thread 0x000001b816e55970 Unloading class 0x000000010073d820 '_BuildScript_$_run_closure1$_closure2$_closure3'
Event: 220.955 Thread 0x000001b816e55970 Unloading class 0x000000010073d410 '_BuildScript_$_run_closure1$_closure2'
Event: 220.955 Thread 0x000001b816e55970 Unloading class 0x000000010073d000 '_BuildScript_$_run_closure1'
Event: 220.955 Thread 0x000001b816e55970 Unloading class 0x000000010073c800 '_BuildScript_'
Event: 220.955 Thread 0x000001b816e55970 Unloading class 0x0000000100708000 '_BuildScript_'
Event: 220.955 Thread 0x000001b816e55970 Unloading class 0x0000000100707820 'RegistryProcessor'
Event: 220.955 Thread 0x000001b816e55970 Unloading class 0x0000000100707410 'JetGradlePlugin$_apply_closure1$_closure2$_closure3'
Event: 220.955 Thread 0x000001b816e55970 Unloading class 0x0000000100707000 'JetGradlePlugin$_apply_closure1$_closure2'
Event: 220.955 Thread 0x000001b816e55970 Unloading class 0x0000000100706ac0 'JetGradlePlugin$_apply_closure1'
Event: 220.955 Thread 0x000001b816e55970 Unloading class 0x0000000100706800 'JetGradlePlugin'
Event: 220.955 Thread 0x000001b816e55970 Unloading class 0x0000000100704968 '_BuildScript_$_run_closure1$_closure2'
Event: 220.955 Thread 0x000001b816e55970 Unloading class 0x0000000100704558 '_BuildScript_$_run_closure1'
Event: 220.955 Thread 0x000001b816e55970 Unloading class 0x0000000100704000 '_BuildScript_'
Event: 220.955 Thread 0x000001b816e55970 Unloading class 0x00000001006f8558 '_BuildScript_$_run_closure1'
Event: 220.955 Thread 0x000001b816e55970 Unloading class 0x00000001006f8000 '_BuildScript_'
Event: 220.955 Thread 0x000001b816e55970 Unloading class 0x000000010068c968 '_BuildScript_$_run_closure1$_closure2'
Event: 220.955 Thread 0x000001b816e55970 Unloading class 0x000000010068c558 '_BuildScript_$_run_closure1'
Event: 220.955 Thread 0x000001b816e55970 Unloading class 0x000000010068c000 '_BuildScript_'

Classes redefined (0 events):
No events

Internal exceptions (20 events):
Event: 225.878 Thread 0x000001b817c2dc20 Exception <a 'sun/nio/fs/WindowsException'{0x000000008d5b5ea8}> (0x000000008d5b5ea8) 
thrown [s\src\hotspot\share\prims\jni.cpp, line 517]
Event: 225.879 Thread 0x000001b817c2dc20 Exception <a 'sun/nio/fs/WindowsException'{0x000000008d5b6040}> (0x000000008d5b6040) 
thrown [s\src\hotspot\share\prims\jni.cpp, line 517]
Event: 225.926 Thread 0x000001b817c2a730 Exception <a 'java/lang/ClassNotFoundException'{0x000000008d300ec8}: org/jetbrains/plugins/gradle/model/web/WebConfigurationBeanInfo> (0x000000008d300ec8) 
thrown [s\src\hotspot\share\classfile\systemDictionary.cpp, line 256]
Event: 225.926 Thread 0x000001b817c2a730 Exception <a 'java/lang/ClassNotFoundException'{0x000000008d309250}: org/jetbrains/plugins/gradle/model/web/WebConfigurationCustomizer> (0x000000008d309250) 
thrown [s\src\hotspot\share\classfile\systemDictionary.cpp, line 256]
Event: 225.928 Thread 0x000001b817c2a730 Exception <a 'java/lang/ClassNotFoundException'{0x000000008d327318}: org/jetbrains/plugins/gradle/model/scala/ScalaModelBeanInfo> (0x000000008d327318) 
thrown [s\src\hotspot\share\classfile\systemDictionary.cpp, line 256]
Event: 225.928 Thread 0x000001b817c2a730 Exception <a 'java/lang/ClassNotFoundException'{0x000000008d32f620}: org/jetbrains/plugins/gradle/model/scala/ScalaModelCustomizer> (0x000000008d32f620) 
thrown [s\src\hotspot\share\classfile\systemDictionary.cpp, line 256]
Event: 225.931 Thread 0x000001b817c2a730 Exception <a 'java/lang/ClassNotFoundException'{0x000000008d35e9d0}: org/jetbrains/plugins/gradle/model/DependencyAccessorsModelBeanInfo> (0x000000008d35e9d0) 
thrown [s\src\hotspot\share\classfile\systemDictionary.cpp, line 256]
Event: 225.932 Thread 0x000001b817c2a730 Exception <a 'java/lang/ClassNotFoundException'{0x000000008d366d80}: org/jetbrains/plugins/gradle/model/DependencyAccessorsModelCustomizer> (0x000000008d366d80) 
thrown [s\src\hotspot\share\classfile\systemDictionary.cpp, line 256]
Event: 226.110 Thread 0x000001b817c2a730 Exception <a 'java/lang/ClassNotFoundException'{0x000000008cb067f0}: org/gradle/api/internal/project/DefaultProject_DecoratedBeanInfo> (0x000000008cb067f0) 
thrown [s\src\hotspot\share\classfile\systemDictionary.cpp, line 256]
Event: 226.111 Thread 0x000001b817c2a730 Exception <a 'java/lang/ClassNotFoundException'{0x000000008cb13348}: org/gradle/api/internal/project/DefaultProjectBeanInfo> (0x000000008cb13348) 
thrown [s\src\hotspot\share\classfile\systemDictionary.cpp, line 256]
Event: 226.111 Thread 0x000001b817c2a730 Exception <a 'java/lang/ClassNotFoundException'{0x000000008cb1fea8}: org/gradle/api/internal/project/DefaultProjectCustomizer> (0x000000008cb1fea8) 
thrown [s\src\hotspot\share\classfile\systemDictionary.cpp, line 256]
Event: 226.121 Thread 0x000001b817c2a730 Exception <a 'java/lang/ClassNotFoundException'{0x000000008cbc9248}: org/gradle/api/internal/project/DefaultProject_DecoratedCustomizer> (0x000000008cbc9248) 
thrown [s\src\hotspot\share\classfile\systemDictionary.cpp, line 256]
Event: 226.443 Thread 0x000001b817c2a730 Implicit null exception at 0x000001b807e612c1 to 0x000001b807e62168
Event: 226.443 Thread 0x000001b817c2a730 Implicit null exception at 0x000001b807b49ab9 to 0x000001b807b4a1c4
Event: 226.443 Thread 0x000001b817c2a730 Implicit null exception at 0x000001b807e5782e to 0x000001b807e57dcc
Event: 227.265 Thread 0x000001b817c2a730 Implicit null exception at 0x000001b807e36433 to 0x000001b807e38208
Event: 227.286 Thread 0x000001b817c2a730 Exception <a 'java/lang/NoSuchMethodError'{0x000000008b347420}: 'java.lang.Object java.lang.invoke.DirectMethodHandle$Holder.newInvokeSpecial(java.lang.Object, java.lang.Object, java.lang.Object, java.lang.Object, java.lang.Object, int)'> (0x000000008b347420) 
thrown [s\src\hotspot\share\interpreter\linkResolver.cpp, line 771]
Event: 227.286 Thread 0x000001b817c2a730 Exception <a 'java/lang/NoSuchMethodError'{0x000000008b34cb20}: 'java.lang.Object java.lang.invoke.DirectMethodHandle$Holder.invokeSpecial(java.lang.Object, java.lang.Object, java.lang.Object, java.lang.Object, java.lang.Object, java.lang.Object, int)'> (0x000000008b34cb20) 
thrown [s\src\hotspot\share\interpreter\linkResolver.cpp, line 771]
Event: 227.287 Thread 0x000001b817c2a730 Exception <a 'java/lang/NoSuchMethodError'{0x000000008b351ba8}: 'java.lang.Object java.lang.invoke.Invokers$Holder.linkToTargetMethod(java.lang.Object, java.lang.Object, java.lang.Object, java.lang.Object, int, java.lang.Object)'> (0x000000008b351ba8) 
thrown [s\src\hotspot\share\interpreter\linkResolver.cpp, line 771]
Event: 227.301 Thread 0x000001b817c2a730 Exception <a 'java/lang/NoSuchMethodError'{0x000000008b3f22c0}: 'void java.lang.invoke.DirectMethodHandle$Holder.invokeStatic(java.lang.Object, java.lang.Object, java.lang.Object, int, java.lang.Object)'> (0x000000008b3f22c0) 
thrown [s\src\hotspot\share\interpreter\linkResolver.cpp, line 771]

VM Operations (20 events):
Event: 225.657 Executing VM operation: G1CollectForAllocation done
Event: 225.703 Executing VM operation: G1CollectForAllocation
Event: 225.709 Executing VM operation: G1CollectForAllocation done
Event: 225.938 Executing VM operation: ICBufferFull
Event: 225.938 Executing VM operation: ICBufferFull done
Event: 225.981 Executing VM operation: HandshakeAllThreads
Event: 225.982 Executing VM operation: HandshakeAllThreads done
Event: 226.003 Executing VM operation: HandshakeAllThreads
Event: 226.003 Executing VM operation: HandshakeAllThreads done
Event: 226.089 Executing VM operation: HandshakeAllThreads
Event: 226.090 Executing VM operation: HandshakeAllThreads done
Event: 226.211 Executing VM operation: HandshakeAllThreads
Event: 226.211 Executing VM operation: HandshakeAllThreads done
Event: 227.007 Executing VM operation: ICBufferFull
Event: 227.007 Executing VM operation: ICBufferFull done
Event: 227.225 Executing VM operation: HandshakeAllThreads
Event: 227.225 Executing VM operation: HandshakeAllThreads done
Event: 227.241 Executing VM operation: HandshakeAllThreads
Event: 227.241 Executing VM operation: HandshakeAllThreads done
Event: 227.464 Executing VM operation: G1CollectForAllocation

Events (20 events):
Event: 227.457 Thread 0x000001b82064bdd0 Thread added: 0x000001b82064bdd0
Event: 227.457 Thread 0x000001b82064af60 Thread added: 0x000001b82064af60
Event: 227.457 Thread 0x000001b82064b430 Thread added: 0x000001b82064b430
Event: 227.458 Thread 0x000001b82064edf0 Thread added: 0x000001b82064edf0
Event: 227.459 Thread 0x000001b82064f790 Thread added: 0x000001b82064f790
Event: 227.460 Thread 0x000001b82064e920 Thread added: 0x000001b82064e920
Event: 227.460 Thread 0x000001b820650600 Thread added: 0x000001b820650600
Event: 227.460 Thread 0x000001b820650fa0 Thread added: 0x000001b820650fa0
Event: 227.461 Thread 0x000001b82064d110 Thread added: 0x000001b82064d110
Event: 227.461 Thread 0x000001b82064fc60 Thread added: 0x000001b82064fc60
Event: 227.461 Thread 0x000001b82064c2a0 Thread added: 0x000001b82064c2a0
Event: 227.461 Thread 0x000001b82064c770 Thread added: 0x000001b82064c770
Event: 227.461 Thread 0x000001b820650ad0 Thread added: 0x000001b820650ad0
Event: 227.462 Thread 0x000001b820651940 Thread added: 0x000001b820651940
Event: 227.462 Thread 0x000001b82064cc40 Thread added: 0x000001b82064cc40
Event: 227.463 Thread 0x000001b82064d5e0 Thread added: 0x000001b82064d5e0
Event: 227.463 Thread 0x000001b82064dab0 Thread added: 0x000001b82064dab0
Event: 227.463 Thread 0x000001b820651470 Thread added: 0x000001b820651470
Event: 227.463 Thread 0x000001b82064df80 Thread added: 0x000001b82064df80
Event: 227.464 Thread 0x000001b818694280 Thread added: 0x000001b818694280


Dynamic libraries:
0x00007ff690150000 - 0x00007ff69015a000 	C:\Program Files\Android\Android Studio\jbr\bin\java.exe
0x00007ffd55fd0000 - 0x00007ffd561c7000 	C:\Windows\SYSTEM32\ntdll.dll
0x00007ffd55670000 - 0x00007ffd5572d000 	C:\Windows\System32\KERNEL32.DLL
0x00007ffd538a0000 - 0x00007ffd53b96000 	C:\Windows\System32\KERNELBASE.dll
0x00007ffd53cc0000 - 0x00007ffd53dc0000 	C:\Windows\System32\ucrtbase.dll
0x00007ffd3fad0000 - 0x00007ffd3fae7000 	C:\Program Files\Android\Android Studio\jbr\bin\jli.dll
0x00007ffd54d30000 - 0x00007ffd54ece000 	C:\Windows\System32\USER32.dll
0x00007ffd53fd0000 - 0x00007ffd53ff2000 	C:\Windows\System32\win32u.dll
0x00007ffd4c680000 - 0x00007ffd4c91a000 	C:\Windows\WinSxS\amd64_microsoft.windows.common-controls_6595b64144ccf1df_6.0.19041.3570_none_60bb2a3971f3e41a\COMCTL32.dll
0x00007ffd55ac0000 - 0x00007ffd55aec000 	C:\Windows\System32\GDI32.dll
0x00007ffd53ba0000 - 0x00007ffd53cba000 	C:\Windows\System32\gdi32full.dll
0x00007ffd53ec0000 - 0x00007ffd53f5d000 	C:\Windows\System32\msvcp_win.dll
0x00007ffd55730000 - 0x00007ffd557ce000 	C:\Windows\System32\msvcrt.dll
0x00007ffd3f9b0000 - 0x00007ffd3f9cb000 	C:\Program Files\Android\Android Studio\jbr\bin\VCRUNTIME140.dll
0x00007ffd55130000 - 0x00007ffd55160000 	C:\Windows\System32\IMM32.DLL
0x00007ffd437e0000 - 0x00007ffd437ec000 	C:\Program Files\Android\Android Studio\jbr\bin\vcruntime140_1.dll
0x00007ffd2ed10000 - 0x00007ffd2ed9d000 	C:\Program Files\Android\Android Studio\jbr\bin\msvcp140.dll
0x00007ffcf77f0000 - 0x00007ffcf845e000 	C:\Program Files\Android\Android Studio\jbr\bin\server\jvm.dll
0x00007ffd540f0000 - 0x00007ffd5419e000 	C:\Windows\System32\ADVAPI32.dll
0x00007ffd542d0000 - 0x00007ffd5436c000 	C:\Windows\System32\sechost.dll
0x00007ffd544b0000 - 0x00007ffd545d6000 	C:\Windows\System32\RPCRT4.dll
0x00007ffd22810000 - 0x00007ffd22819000 	C:\Windows\SYSTEM32\WSOCK32.dll
0x00007ffd4d190000 - 0x00007ffd4d1b7000 	C:\Windows\SYSTEM32\WINMM.dll
0x00007ffd4d940000 - 0x00007ffd4d94a000 	C:\Windows\SYSTEM32\VERSION.dll
0x00007ffd554c0000 - 0x00007ffd5552b000 	C:\Windows\System32\WS2_32.dll
0x00007ffd51360000 - 0x00007ffd51372000 	C:\Windows\SYSTEM32\kernel.appcore.dll
0x00007ffd50b00000 - 0x00007ffd50b0a000 	C:\Program Files\Android\Android Studio\jbr\bin\jimage.dll
0x00007ffd444a0000 - 0x00007ffd44684000 	C:\Windows\SYSTEM32\DBGHELP.DLL
0x00007ffd449b0000 - 0x00007ffd449e4000 	C:\Windows\SYSTEM32\dbgcore.DLL
0x00007ffd53810000 - 0x00007ffd53892000 	C:\Windows\System32\bcryptPrimitives.dll
0x00007ffd404f0000 - 0x00007ffd40515000 	C:\Program Files\Android\Android Studio\jbr\bin\java.dll
0x00007ffd41e20000 - 0x00007ffd41e38000 	C:\Program Files\Android\Android Studio\jbr\bin\zip.dll
0x00007ffd545e0000 - 0x00007ffd54d24000 	C:\Windows\System32\SHELL32.dll
0x00007ffd51560000 - 0x00007ffd51cfb000 	C:\Windows\SYSTEM32\windows.storage.dll
0x00007ffd55160000 - 0x00007ffd554b4000 	C:\Windows\System32\combase.dll
0x00007ffd52ff0000 - 0x00007ffd5301d000 	C:\Windows\SYSTEM32\Wldp.dll
0x00007ffd54400000 - 0x00007ffd544ad000 	C:\Windows\System32\SHCORE.dll
0x00007ffd54ed0000 - 0x00007ffd54f25000 	C:\Windows\System32\shlwapi.dll
0x00007ffd535b0000 - 0x00007ffd535d5000 	C:\Windows\SYSTEM32\profapi.dll
0x00007ffd3fde0000 - 0x00007ffd3fdf9000 	C:\Program Files\Android\Android Studio\jbr\bin\net.dll
0x00007ffd4e1e0000 - 0x00007ffd4e2ea000 	C:\Windows\SYSTEM32\WINHTTP.dll
0x00007ffd52d50000 - 0x00007ffd52dba000 	C:\Windows\system32\mswsock.dll
0x00007ffd3fdc0000 - 0x00007ffd3fdd6000 	C:\Program Files\Android\Android Studio\jbr\bin\nio.dll
0x00007ffd4a1d0000 - 0x00007ffd4a1e0000 	C:\Program Files\Android\Android Studio\jbr\bin\verify.dll
0x00007ffd41df0000 - 0x00007ffd41e17000 	C:\Users\abdullah.javed\.gradle\native\68d5fa5c4cc2d200863cafc0d521ce42e7d3e7ee720ec0a83991735586a16f82\windows-amd64\native-platform.dll
0x00007ffd24b60000 - 0x00007ffd24ca4000 	C:\Users\abdullah.javed\.gradle\native\e376f236ea51e6404a007f0833ffe2c6e607c4080706a723a18a27aeea778392\windows-amd64\native-platform-file-events.dll
0x00007ffd45930000 - 0x00007ffd45939000 	C:\Program Files\Android\Android Studio\jbr\bin\management.dll
0x00007ffd45500000 - 0x00007ffd4550b000 	C:\Program Files\Android\Android Studio\jbr\bin\management_ext.dll
0x00007ffd55660000 - 0x00007ffd55668000 	C:\Windows\System32\PSAPI.DLL
0x00007ffd52f50000 - 0x00007ffd52f68000 	C:\Windows\SYSTEM32\CRYPTSP.dll
0x00007ffd52660000 - 0x00007ffd52694000 	C:\Windows\system32\rsaenh.dll
0x00007ffd53680000 - 0x00007ffd536a7000 	C:\Windows\System32\bcrypt.dll
0x00007ffd53570000 - 0x00007ffd5359e000 	C:\Windows\SYSTEM32\USERENV.dll
0x00007ffd52f40000 - 0x00007ffd52f4c000 	C:\Windows\SYSTEM32\CRYPTBASE.dll
0x00007ffd52a40000 - 0x00007ffd52a7b000 	C:\Windows\SYSTEM32\IPHLPAPI.DLL
0x00007ffd55070000 - 0x00007ffd55078000 	C:\Windows\System32\NSI.dll
0x00007ffd4eb70000 - 0x00007ffd4eb87000 	C:\Windows\SYSTEM32\dhcpcsvc6.DLL
0x00007ffd4eb50000 - 0x00007ffd4eb6d000 	C:\Windows\SYSTEM32\dhcpcsvc.DLL
0x00007ffd52a80000 - 0x00007ffd52b4a000 	C:\Windows\SYSTEM32\DNSAPI.dll
0x00007ffd45200000 - 0x00007ffd45207000 	C:\Windows\system32\wshunix.dll
0x00007ffd52780000 - 0x00007ffd527b3000 	C:\Windows\SYSTEM32\ntmarta.dll

dbghelp: loaded successfully - version: 4.0.5 - missing functions: none
symbol engine: initialized successfully - sym options: 0x614 - pdb path: .;C:\Program Files\Android\Android Studio\jbr\bin;C:\Windows\SYSTEM32;C:\Windows\WinSxS\amd64_microsoft.windows.common-controls_6595b64144ccf1df_6.0.19041.3570_none_60bb2a3971f3e41a;C:\Program Files\Android\Android Studio\jbr\bin\server;C:\Users\abdullah.javed\.gradle\native\68d5fa5c4cc2d200863cafc0d521ce42e7d3e7ee720ec0a83991735586a16f82\windows-amd64;C:\Users\abdullah.javed\.gradle\native\e376f236ea51e6404a007f0833ffe2c6e607c4080706a723a18a27aeea778392\windows-amd64

VM Arguments:
jvm_args: -XX:MaxMetaspaceSize=512m --add-opens=java.base/java.util=ALL-UNNAMED --add-opens=java.base/java.lang=ALL-UNNAMED --add-opens=java.base/java.lang.invoke=ALL-UNNAMED --add-opens=java.prefs/java.util.prefs=ALL-UNNAMED --add-opens=java.base/java.nio.charset=ALL-UNNAMED --add-opens=java.base/java.net=ALL-UNNAMED --add-opens=java.base/java.util.concurrent.atomic=ALL-UNNAMED -Xmx2048m -Dfile.encoding=windows-1252 -Duser.country=US -Duser.language=en -Duser.variant 
java_command: org.gradle.launcher.daemon.bootstrap.GradleDaemon 8.0.1
java_class_path (initial): C:\Users\abdullah.javed\.gradle\wrapper\dists\gradle-8.0.1-all\aro4hu1c3oeioove7l0i4i14o\gradle-8.0.1\lib\gradle-launcher-8.0.1.jar
Launcher Type: SUN_STANDARD

[Global flags]
     intx CICompilerCount                          = 4                                         {product} {ergonomic}
   size_t CompressedClassSpaceSize                 = 432013312                                 {product} {ergonomic}
     uint ConcGCThreads                            = 2                                         {product} {ergonomic}
     uint G1ConcRefinementThreads                  = 8                                         {product} {ergonomic}
   size_t G1HeapRegionSize                         = 1048576                                   {product} {ergonomic}
    uintx GCDrainStackTargetSize                   = 64                                        {product} {ergonomic}
   size_t InitialHeapSize                          = 268435456                                 {product} {ergonomic}
   size_t MarkStackSize                            = 4194304                                   {product} {ergonomic}
   size_t MaxHeapSize                              = 2147483648                                {product} {command line}
   size_t MaxMetaspaceSize                         = 536870912                                 {product} {command line}
   size_t MaxNewSize                               = 1287651328                                {product} {ergonomic}
   size_t MinHeapDeltaBytes                        = 1048576                                   {product} {ergonomic}
   size_t MinHeapSize                              = 8388608                                   {product} {ergonomic}
    uintx NonNMethodCodeHeapSize                   = 5839372                                {pd product} {ergonomic}
    uintx NonProfiledCodeHeapSize                  = 122909434                              {pd product} {ergonomic}
    uintx ProfiledCodeHeapSize                     = 122909434                              {pd product} {ergonomic}
    uintx ReservedCodeCacheSize                    = 251658240                              {pd product} {ergonomic}
     bool SegmentedCodeCache                       = true                                      {product} {ergonomic}
   size_t SoftMaxHeapSize                          = 2147483648                             {manageable} {ergonomic}
     bool UseCompressedClassPointers               = true                           {product lp64_product} {ergonomic}
     bool UseCompressedOops                        = true                           {product lp64_product} {ergonomic}
     bool UseG1GC                                  = true                                      {product} {ergonomic}
     bool UseLargePagesIndividualAllocation        = false                                  {pd product} {ergonomic}

Logging:
Log output configuration:
 #0: stdout all=warning uptime,level,tags
 #1: stderr all=off uptime,level,tags

Environment Variables:
PATH=C:\Program Files\Common Files\Oracle\Java\javapath;C:\Program Files\Python310\Scripts\;C:\Program Files\Python310\;C:\Program Files\Python37\Scripts\;C:\Program Files\Python37\;C:\Program Files\Python312\Scripts\;C:\Program Files\Python312\;C:\Windows\system32;C:\Windows;C:\Windows\System32\Wbem;C:\Windows\System32\WindowsPowerShell\v1.0\;C:\Windows\System32\OpenSSH\;C:\Program Files\nodejs\;C:\Users\abdullah.javed\AppData\Local\Programs\Python\Launcher\;C:\Users\abdullah.javed\.console-ninja\.bin;C:\Users\abdullah.javed\AppData\Local\Microsoft\WindowsApps;C:\Users\abdullah.javed\AppData\Local\Programs\Git\cmd;C:\Users\abdullah.javed\AppData\Roaming\npm;C:\Users\abdullah.javed\AppData\Local\Programs\Microsoft VS Code\bin;C:\Users\abdullah.javed\AppData\Local\Programs\Python\Python312;C:\Users\abdullah.javed\AppData\Local\Android\Sdk\platform-tools;
USERNAME=abdullah.javed
OS=Windows_NT
PROCESSOR_IDENTIFIER=Intel64 Family 6 Model 45 Stepping 7, GenuineIntel
TMP=C:\Users\ABDULL~1.JAV\AppData\Local\Temp
TEMP=C:\Users\ABDULL~1.JAV\AppData\Local\Temp


JNI global refs:
JNI global refs: 25, weak refs: 0

JNI global refs memory usage: 843, weak refs: 841


---------------  S Y S T E M  ---------------

OS:
 Windows 10 , 64 bit Build 19041 (10.0.19041.3570)
OS uptime: 0 days 7:07 hours

CPU: total 8 (initial active 8) (4 cores per cpu, 2 threads per core) family 6 model 45 stepping 7 microcode 0x718, cx8, cmov, fxsr, ht, mmx, sse, sse2, sse3, ssse3, sse4.1, sse4.2, popcnt, tsc, tscinvbit, avx, aes, clmul, vzeroupper, clflush

Memory: 4k page, system-wide physical 16341M (1019M free)
TotalPageFile size 31524M (AvailPageFile size 175M)
current process WorkingSet (physical memory assigned to process): 535M, peak: 537M
current process commit charge ("private bytes"): 593M, peak: 876M

vm_info: OpenJDK 64-Bit Server VM (17.0.6+0-b2043.56-10027231) for windows-amd64 JRE (17.0.6+0-b2043.56-10027231), built on Apr 28 2023 00:43:19 by "androidbuild" with MS VC++ 16.10 / 16.11 (VS2019)

END.
